Log file open, 05/02/17 11:47:28
LogInit:Display: Running engine for game: CaveAutomata
LogPlatformFile: Not using cached read wrapper
LogInit:Display: RandInit(-82971928) SRandInit(-82971928).
LogTaskGraph: Started task graph with 5 named threads and 8 total threads with 1 sets of task threads.
LogStats: Stats thread started at 0.120151
LogInit: Using libcurl 7.47.1
LogInit:  - built for x86_64-pc-win32
LogInit:  - supports SSL with OpenSSL/1.0.2g
LogInit:  - supports HTTP deflate (compression) using libz 1.2.8
LogInit:  - other features:
LogInit:      CURL_VERSION_SSL
LogInit:      CURL_VERSION_LIBZ
LogInit:      CURL_VERSION_IPV6
LogInit:      CURL_VERSION_ASYNCHDNS
LogInit:      CURL_VERSION_LARGEFILE
LogInit:      CURL_VERSION_IDN
LogInit:  CurlRequestOptions (configurable via config and command line):
LogInit:  - bVerifyPeer = false  - Libcurl will NOT verify peer certificate
LogInit:  - bUseHttpProxy = false  - Libcurl will NOT use HTTP proxy
LogInit:  - bDontReuseConnections = false  - Libcurl will reuse connections
LogInit:  - CertBundlePath = nullptr  - Libcurl will use whatever was configured at build time.
LogInit: Build: ++UE4+Release-4.15-CL-3348071
LogInit: Engine Version: 4.15.1-3348071+++UE4+Release-4.15
LogInit: Compatible Engine Version: 4.15.0-3299760+++UE4+Release-4.15
LogInit: Net CL: 3299760
LogDevObjectVersion: Number of dev versions registered: 14
LogDevObjectVersion:   Dev-Blueprints (B0D832E4-1F89-4F0D-ACCF-7EB736FD4AA2): 8
LogDevObjectVersion:   Dev-Build (E1C64328-A22C-4D53-A36C-8E866417BD8C): 0
LogDevObjectVersion:   Dev-Core (375EC13C-06E4-48FB-B500-84F0262A717E): 2
LogDevObjectVersion:   Dev-Editor (E4B068ED-F494-42E9-A231-DA0B2E46BB41): 14
LogDevObjectVersion:   Dev-Framework (CFFC743F-43B0-4480-9391-14DF171D2073): 22
LogDevObjectVersion:   Dev-Mobile (B02B49B5-BB20-44E9-A304-32B752E40360): 0
LogDevObjectVersion:   Dev-Networking (A4E4105C-59A1-49B5-A7C5-40C4547EDFEE): 0
LogDevObjectVersion:   Dev-Online (39C831C9-5AE6-47DC-9A44-9C173E1C8E7C): 0
LogDevObjectVersion:   Dev-Physics (78F01B33-EBEA-4F98-B9B4-84EACCB95AA2): 0
LogDevObjectVersion:   Dev-Platform (6631380F-2D4D-43E0-8009-CF276956A95A): 0
LogDevObjectVersion:   Dev-Rendering (12F88B9F-8875-4AFC-A67C-D90C383ABD29): 12
LogDevObjectVersion:   Dev-Sequencer (7B5AE74C-D270-4C10-A958-57980B212A5A): 3
LogDevObjectVersion:   Dev-VR (D7296918-1DD6-4BDD-9DE2-64A83CC13884): 0
LogDevObjectVersion:   Dev-LoadTimes (C2A15278-BFE7-4AFE-6C17-90FF531DF755): 1
LogInit: Compiled (64-bit): Mar 15 2017 16:52:47
LogInit: Compiled with Visual C++: 19.00.23026.00
LogInit: Build Configuration: Development
LogInit: Branch Name: ++UE4+Release-4.15
LogInit: Command line:  
LogInit: Base directory: F:/Unreal/UE_4.15/Engine/Binaries/Win64/
LogInit: Installed Engine Build: 1
LogInit: Presizing for max 8388607 objects, including 0 objects not considered by GC, pre-allocating 0 bytes for permanent pool.
LogInit: Object subsystem initialized
[2017.05.02-09.47.29:641][  0]LogInit: Selected Device Profile: [Windows]
[2017.05.02-09.47.29:641][  0]LogInit: Applying CVar settings loaded from the selected device profile: [Windows]
[2017.05.02-09.47.29:669][  0]LogInit: Computer: PC-USER
[2017.05.02-09.47.29:669][  0]LogInit: User: User
[2017.05.02-09.47.29:669][  0]LogInit: CPU Page size=65536, Cores=4
[2017.05.02-09.47.29:669][  0]LogInit: High frequency timer resolution =2.533208 MHz
[2017.05.02-09.47.29:669][  0]LogMemory: Memory total: Physical=15.9GB (16GB approx)
[2017.05.02-09.47.29:669][  0]LogMemory: Platform Memory Stats for Windows
[2017.05.02-09.47.29:669][  0]LogMemory: Process Physical Memory: 262.45 MB used, 262.45 MB peak
[2017.05.02-09.47.29:669][  0]LogMemory: Process Virtual Memory: 262.59 MB used, 262.59 MB peak
[2017.05.02-09.47.29:669][  0]LogMemory: Physical Memory: 4577.37 MB used,  11695.70 MB free, 16273.07 MB total
[2017.05.02-09.47.29:669][  0]LogMemory: Virtual Memory: 644.96 MB used,  11695.70 MB free, 134217728.00 MB total
[2017.05.02-09.47.30:126][  0]LogTextLocalizationManager: No specific translations for ('es-ES') exist, so ('es') translations will be used.
[2017.05.02-09.47.32:096][  0]LogD3D11RHI: D3D11 adapters:
[2017.05.02-09.47.32:668][  0]LogD3D11RHI:    0. 'NVIDIA GeForce GTX 960M         ' (Feature Level 11_0)
[2017.05.02-09.47.32:668][  0]LogD3D11RHI:       4037/0/8136 MB DedicatedVideo/DedicatedSystem/SharedSystem, Outputs:1, VendorId:0x10de
[2017.05.02-09.47.32:674][  0]LogD3D11RHI:    1. 'Intel(R) HD Graphics 4600' (Feature Level 11_0)
[2017.05.02-09.47.32:674][  0]LogD3D11RHI:       112/0/2048 MB DedicatedVideo/DedicatedSystem/SharedSystem, Outputs:0, VendorId:0x8086
[2017.05.02-09.47.32:675][  0]LogD3D11RHI:    2. 'Microsoft Basic Render Driver' (Feature Level 11_0)
[2017.05.02-09.47.32:675][  0]LogD3D11RHI:       0/0/8136 MB DedicatedVideo/DedicatedSystem/SharedSystem, Outputs:0, VendorId:0x1414
[2017.05.02-09.47.32:675][  0]LogD3D11RHI: Chosen D3D11 Adapter: 0
[2017.05.02-09.47.32:678][  0]LogD3D11RHI: Creating new Direct3DDevice
[2017.05.02-09.47.32:678][  0]LogD3D11RHI:     GPU DeviceId: 0x139b (for the marketing name, search the web for "GPU Device Id")
[2017.05.02-09.47.32:678][  0]LogWindows: EnumDisplayDevices:
[2017.05.02-09.47.32:678][  0]LogWindows:    0. 'Intel(R) HD Graphics 4600' (P:1 D:1)
[2017.05.02-09.47.32:678][  0]LogWindows:    1. 'Intel(R) HD Graphics 4600' (P:0 D:0)
[2017.05.02-09.47.32:678][  0]LogWindows:    2. 'Intel(R) HD Graphics 4600' (P:0 D:0)
[2017.05.02-09.47.32:678][  0]LogWindows: DebugString: PrimaryIsNotTheChoosenAdapter PrimaryIsNotTheChoosenAdapter PrimaryIsNotTheChoosenAdapter FoundDriverCount:0 
[2017.05.02-09.47.32:678][  0]LogD3D11RHI:     Adapter Name: NVIDIA GeForce GTX 960M         
[2017.05.02-09.47.32:678][  0]LogD3D11RHI:   Driver Version: Unknown (internal:Unknown, unified:Unknown)
[2017.05.02-09.47.32:678][  0]LogD3D11RHI:      Driver Date: Unknown
[2017.05.02-09.47.32:678][  0]LogRHI: Texture pool is 1361 MB (70% of 1945 MB)
[2017.05.02-09.47.32:690][  0]LogD3D11RHI: NvAPI_D3D_GetCurrentSLIState failed: 0xfffffff7
[2017.05.02-09.47.32:690][  0]LogD3D11RHI: Async texture creation enabled
[2017.05.02-09.47.32:706][  0]LogD3D11RHI: GPU Timing Frequency: 1000.000000 (Debug: 2 2)
[2017.05.02-09.47.32:706][  0]LogShaderCompilers: Guid format shader working directory is -6 characters bigger than the processId version (C:/Users/User/Desktop/AutomataLangton/caveAutomata/Intermediate/Shaders/WorkingDirectory/13444/).
[2017.05.02-09.47.32:706][  0]LogShaderCompilers: Cleaned the shader compiler working directory 'C:/Users/User/AppData/Local/Temp/UnrealShaderWorkingDir/37B80A3644BFA0C56A768DBC5DA6F822/'.
[2017.05.02-09.47.32:706][  0]LogShaderCompilers:Display: Using Local Shader Compiler.
[2017.05.02-09.47.35:114][  0]LogTemp:Display: Loaded TP AllDesktopTargetPlatform
[2017.05.02-09.47.35:153][  0]LogTemp:Display: Loaded TP MacClientTargetPlatform
[2017.05.02-09.47.35:191][  0]LogTemp:Display: Loaded TP MacNoEditorTargetPlatform
[2017.05.02-09.47.35:231][  0]LogTemp:Display: Loaded TP MacServerTargetPlatform
[2017.05.02-09.47.35:273][  0]LogTemp:Display: Loaded TP MacTargetPlatform
[2017.05.02-09.47.35:311][  0]LogTemp:Display: Loaded TP WindowsClientTargetPlatform
[2017.05.02-09.47.35:350][  0]LogTemp:Display: Loaded TP WindowsNoEditorTargetPlatform
[2017.05.02-09.47.35:389][  0]LogTemp:Display: Loaded TP WindowsServerTargetPlatform
[2017.05.02-09.47.35:418][  0]LogTemp:Display: Loaded TP WindowsTargetPlatform
[2017.05.02-09.47.35:461][  0]LogTemp:Display: Loaded TP AndroidTargetPlatform
[2017.05.02-09.47.35:499][  0]LogTemp:Display: Loaded TP Android_ASTCTargetPlatform
[2017.05.02-09.47.35:537][  0]LogTemp:Display: Loaded TP Android_ATCTargetPlatform
[2017.05.02-09.47.35:575][  0]LogTemp:Display: Loaded TP Android_DXTTargetPlatform
[2017.05.02-09.47.35:614][  0]LogTemp:Display: Loaded TP Android_ETC1TargetPlatform
[2017.05.02-09.47.35:652][  0]LogTemp:Display: Loaded TP Android_ETC2TargetPlatform
[2017.05.02-09.47.35:730][  0]LogTemp:Display: Loaded TP Android_MultiTargetPlatform
[2017.05.02-09.47.35:730][  0]LogTemp:Display: Loaded TP Android_PVRTCTargetPlatform
[2017.05.02-09.47.35:753][  0]LogTemp:Display: Loaded TP HTML5TargetPlatform
[2017.05.02-09.47.35:915][  0]LogTemp:Display: Loaded TP IOSTargetPlatform
[2017.05.02-09.47.35:978][  0]LogTemp:Display: Loaded TP TVOSTargetPlatform
[2017.05.02-09.47.36:021][  0]LogTemp:Display: Loaded TP LinuxClientTargetPlatform
[2017.05.02-09.47.36:059][  0]LogTemp:Display: Loaded TP LinuxNoEditorTargetPlatform
[2017.05.02-09.47.36:096][  0]LogTemp:Display: Loaded TP LinuxServerTargetPlatform
[2017.05.02-09.47.36:137][  0]LogTemp:Display: Loaded TP LinuxTargetPlatform
[2017.05.02-09.47.36:137][  0]LogTargetPlatformManager:Display: Building Assets For Windows
[2017.05.02-09.47.36:841][  0]LogDerivedDataCache:Display: Max Cache Size: 512 MB
[2017.05.02-09.47.36:890][  0]LogDerivedDataCache: Loaded boot cache 0.05s 50MB C:/Users/User/AppData/Local/UnrealEngine/4.15/DerivedDataCache/Boot.ddc.
[2017.05.02-09.47.36:890][  0]LogDerivedDataCache:Display: Loaded Boot cache: C:/Users/User/AppData/Local/UnrealEngine/4.15/DerivedDataCache/Boot.ddc
[2017.05.02-09.47.36:890][  0]LogDerivedDataCache: FDerivedDataBackendGraph:  Pak pak cache file C:/Users/User/Desktop/AutomataLangton/caveAutomata/DerivedDataCache/DDC.ddp not found, will not use a pak cache.
[2017.05.02-09.47.36:890][  0]LogDerivedDataCache: Unable to find inner node Pak for hierarchical cache Hierarchy.
[2017.05.02-09.47.36:890][  0]LogDerivedDataCache: FDerivedDataBackendGraph:  CompressedPak pak cache file C:/Users/User/Desktop/AutomataLangton/caveAutomata/DerivedDataCache/Compressed.ddp not found, will not use a pak cache.
[2017.05.02-09.47.36:890][  0]LogDerivedDataCache: Unable to find inner node CompressedPak for hierarchical cache Hierarchy.
[2017.05.02-09.47.36:919][  0]LogDerivedDataCache:Display: Pak cache opened for reading ../../../Engine/DerivedDataCache/Compressed.ddp.
[2017.05.02-09.47.36:931][  0]LogDerivedDataCache: Using Local data cache path C:/Users/User/AppData/Local/UnrealEngine/Common/DerivedDataCache: Writable
[2017.05.02-09.47.36:940][  0]LogSlate: Using Freetype 2.6.0
[2017.05.02-09.47.36:949][  0]LogSlate: SlateFontCache - WITH_FREETYPE: 1, WITH_HARFBUZZ: 1
[2017.05.02-09.47.36:949][  0]LogSlate: SlateFontCache - WITH_FREETYPE: 1, WITH_HARFBUZZ: 1
[2017.05.02-09.47.42:059][  0]LogInit: Selected Device Profile: [Windows]
[2017.05.02-09.47.42:064][  0]LogContentStreaming: Texture pool size is 0.00 MB
[2017.05.02-09.47.42:318][  0]LogMeshUtilities: Using QuadricMeshReduction for automatic static mesh reduction
[2017.05.02-09.47.42:344][  0]LogSimplygon: Simplygon DLL not present - disabling.
[2017.05.02-09.47.42:375][  0]LogMeshUtilities: Using SimplygonSwarm for distributed automatic mesh merging
[2017.05.02-09.47.42:375][  0]LogMeshUtilities: No automatic skeletal mesh reduction module available
[2017.05.02-09.47.42:375][  0]LogMeshUtilities: No automatic mesh merging module available
[2017.05.02-09.47.43:601][  0]LogNetVersion: GetLocalNetworkVersion: CL: 3299760, ProjectName: caveautomata, ProjectVersion: , EngineNetworkVersion: 2, GameNetworkVersion: 0, NetworkChecksum: 3116201060
[2017.05.02-09.47.43:638][  0]LogAssetRegistry: FAssetRegistry took 0.0212 seconds to start up
[2017.05.02-09.47.43:679][  0]LogPackageLocalizationCache: Processed 3 localized package path(s) for 2 prioritized culture(s) in 0.028205 seconds
[2017.05.02-09.47.43:684][  0]LogUObjectArray: 32493 objects as part of root set at end of initial load.
[2017.05.02-09.47.43:685][  0]LogUObjectAllocator: 7077024 out of 0 bytes used by permanent object pool.
[2017.05.02-09.47.43:685][  0]LogUObjectArray: CloseDisregardForGC: 0/0 objects in disregard for GC pool
[2017.05.02-09.47.43:722][  0]LogInit: WinSock: version 1.1 (2.2), MaxSocks=32767, MaxUdp=65467
[2017.05.02-09.47.46:147][  0]LogTcpMessaging: Initializing TcpMessaging bridge
[2017.05.02-09.47.46:177][  0]LogUdpMessaging: Initializing bridge on interface 0.0.0.0:0 to multicast group 230.0.0.1:6666.
[2017.05.02-09.47.46:647][  0]LogMaterial: Uniform references updated for custom material expression Custom.
[2017.05.02-09.47.46:981][  0]SourceControl: Información El control de código fuente está desactivado
[2017.05.02-09.47.46:981][  0]SourceControl: Información El control de código fuente está desactivado
[2017.05.02-09.47.47:013][  0]SourceControl: Información El control de código fuente está desactivado
[2017.05.02-09.47.47:043][  0]SourceControl: Información El control de código fuente está desactivado
[2017.05.02-09.47.47:997][  0]LogEngine: Initializing Engine...
[2017.05.02-09.47.47:998][  0]LogHMD: Failed to initialize OpenVR with code 110
[2017.05.02-09.47.48:273][  0]LogAIModule: Creating AISystem for world Untitled
[2017.05.02-09.47.48:278][  0]LogInit: XAudio2 using 'Altavoces (Realtek High Definition Audio)' : 2 channels at 48 kHz using 32 bits per sample (channel mask 0x3)
[2017.05.02-09.47.48:331][  0]LogInit: FAudioDevice initialized.
[2017.05.02-09.47.48:361][  0]LogDerivedDataCache: Saved boot cache 0.03s 50MB C:/Users/User/AppData/Local/UnrealEngine/4.15/DerivedDataCache/Boot.ddc.
[2017.05.02-09.47.48:366][  0]LogInit: Texture streaming: Enabled
[2017.05.02-09.47.48:437][  0]LogEngineSessionManager: EngineSessionManager initialized
[2017.05.02-09.47.48:495][  0]LogInit: Transaction tracking system initialized
[2017.05.02-09.47.48:702][  0]BlueprintLog: New page: Cargar el editor
[2017.05.02-09.47.49:299][  0]LocalizationService: Información Localization service is disabled
[2017.05.02-09.47.49:724][  0]LogConsoleResponse:Display: 
[2017.05.02-09.47.50:051][  0]LogCook:Display: Max memory allowance for cook 16384mb min free memory 0mb
[2017.05.02-09.47.50:051][  0]LogCook:Display: Mobile HDR setting 1
[2017.05.02-09.47.50:815][  0]LogFileCache: Scanning file cache for directory 'C:/Users/User/Desktop/AutomataLangton/caveAutomata/Content/' took 0.01s
[2017.05.02-09.47.50:815][  0]SourceControl: Información El control de código fuente está desactivado
[2017.05.02-09.47.50:815][  0]Cmd: MAP LOAD FILE="C:/Users/User/Desktop/AutomataLangton/caveAutomata/Content/Scene_01.umap" TEMPLATE=0 SHOWPROGRESS=1 FEATURELEVEL=3
[2017.05.02-09.47.50:819][  0]LightingResults: New page: Diseñar la iluminación
[2017.05.02-09.47.50:844][  0]MapCheck: New page: Revisión del mapa
[2017.05.02-09.47.50:844][  0]LightingResults: New page: Diseñar la iluminación
[2017.05.02-09.47.51:146][  0]LogAIModule: Creating AISystem for world Scene_01
[2017.05.02-09.47.51:172][  0]LogEditorServer: Finished looking for orphan Actors (0.000 secs)
[2017.05.02-09.47.51:172][  0]Cmd: MAP CHECKDEP NOCLEARLOG
[2017.05.02-09.47.51:200][  0]MapCheck: Información Map check complete: 0 Error(s), 0 Warning(s), took 27,509ms to complete.
[2017.05.02-09.47.51:200][  0]LogFileHelpers: Loading map 'Scene_01' took 0.384
[2017.05.02-09.47.51:438][  0]LogCollectionManager: Loaded 0 collections in 0.000785 seconds
[2017.05.02-09.47.51:512][  0]LogFileCache: Scanning file cache for directory 'C:/Users/User/Desktop/AutomataLangton/caveAutomata/Saved/Collections/' took 0.01s
[2017.05.02-09.47.51:512][  0]LogFileCache: Scanning file cache for directory 'C:/Users/User/Desktop/AutomataLangton/caveAutomata/Content/Developers/User/Collections/' took 0.01s
[2017.05.02-09.47.51:512][  0]LogFileCache: Scanning file cache for directory 'C:/Users/User/Desktop/AutomataLangton/caveAutomata/Content/Collections/' took 0.01s
[2017.05.02-09.47.51:512][  0]LogCollectionManager: Rebuilt the GUID cache for 0 collections in 0.000002 seconds
[2017.05.02-09.47.51:521][  0]LogContentBrowser: Native class hierarchy populated in 0.0089 seconds. Added 2247 classes and 455 folders.
[2017.05.02-09.47.51:524][  0]LogStats: UGameplayTagsManager::ConstructGameplayTagTree: Construct from data asset -  0.000 s
[2017.05.02-09.47.51:524][  0]LogStats: UGameplayTagsManager::ConstructGameplayTagTree: GameplayTagTreeChangedEvent.Broadcast -  0.000 s
[2017.05.02-09.47.51:564][  0]LogContentBrowser: Native class hierarchy updated for 'WidgetCarousel' in 0.0014 seconds. Added 0 classes and 0 folders.
[2017.05.02-09.47.51:809][  0]LogContentBrowser: Native class hierarchy updated for 'AddContentDialog' in 0.0016 seconds. Added 0 classes and 0 folders.
[2017.05.02-09.47.51:837][  0]LogContentBrowser: Native class hierarchy updated for 'SceneOutliner' in 0.0015 seconds. Added 1 classes and 2 folders.
[2017.05.02-09.47.51:877][  0]LogCrashTracker: Crashtracker disabled due to settings.
[2017.05.02-09.47.51:884][  0]LogUObjectGlobals:Warning: Error al encontrar el objeto 'Class Ninguno.'
[2017.05.02-09.47.51:934][  0]LogContentBrowser: Native class hierarchy updated for 'HierarchicalLODOutliner' in 0.0014 seconds. Added 1 classes and 2 folders.
[2017.05.02-09.47.51:934][  0]LogLoad: (Engine Initialization) Total time: 26.80 seconds
[2017.05.02-09.47.51:934][  0]LogLoad: (Engine Initialization) Total Blueprint compile time: 0.09 seconds
[2017.05.02-09.47.51:934][  0]LogExternalProfiler: No external profilers were discovered.  External profiling features will not be available.
[2017.05.02-09.47.51:952][  0]LogOcInput: OculusInput pre-init called
[2017.05.02-09.47.51:968][  0]LogAssetRegistry: Asset discovery search completed in 8.3510 seconds
[2017.05.02-09.47.51:968][  0]LogCollectionManager: Rebuilt the object cache for 0 collections in 0.000003 seconds (found 0 objects)
[2017.05.02-09.47.51:968][  0]LogCollectionManager: Fixed up redirectors for 0 collections in 0.000015 seconds (updated 0 objects)
[2017.05.02-09.47.51:970][  0]LogContentStreaming: Texture pool size now 800 MB
[2017.05.02-09.47.51:981][  0]LogSlate: Took 0.003880 seconds to synchronously load lazily loaded font '../../../Engine/Content/Slate/Fonts/Roboto-Regular.ttf' (155K)
[2017.05.02-09.47.51:988][  0]LogSlate: Took 0.003219 seconds to synchronously load lazily loaded font '../../../Engine/Content/Slate/Fonts/Roboto-Bold.ttf' (160K)
[2017.05.02-09.47.51:998][  0]LogSlate: Took 0.004098 seconds to synchronously load lazily loaded font '../../../Engine/Content/Editor/Slate/Fonts/FontAwesome.ttf' (139K)
[2017.05.02-09.47.52:198][  0]LogRenderer: Reallocating scene render targets to support 1208x576 NumSamples 1 (Frame:2).
[2017.05.02-09.47.52:249][  0]LogSlate: Took 0.003436 seconds to synchronously load lazily loaded font '../../../Engine/Content/Slate/Fonts/Roboto-Light.ttf' (159K)
[2017.05.02-09.47.53:001][ 37]LogSlate: Took 0.000346 seconds to synchronously load lazily loaded font '../../../Engine/Content/Slate/Fonts/Roboto-Light.ttf' (159K)
[2017.05.02-09.47.58:030][338]LogSlate: Took 0.000216 seconds to synchronously load lazily loaded font '../../../Engine/Content/Slate/Fonts/Roboto-Light.ttf' (159K)
[2017.05.02-09.47.58:500][338]LogContentBrowser: Native class hierarchy updated for 'BlueprintGraph' in 0.0018 seconds. Added 112 classes and 0 folders.
[2017.05.02-09.47.59:204][338]LogSlate: Took 0.003357 seconds to synchronously load lazily loaded font '../../../Engine/Content/Editor/Slate/Fonts/Roboto-BoldCondensed.ttf' (158K)
[2017.05.02-09.48.03:040][558]LogTemp: Repeting last play command: Selected Viewport
[2017.05.02-09.48.03:058][558]LogBlueprintUserMessages: Early PlayInEditor Detection: Level '/Game/Scene_01.Scene_01:PersistentLevel' has LevelScriptBlueprint '/Game/Scene_01.Scene_01:PersistentLevel.Scene_01' with GeneratedClass '/Game/Scene_01.Scene_01_C' with ClassGeneratedBy '/Game/Scene_01.Scene_01:PersistentLevel.Scene_01'
[2017.05.02-09.48.03:058][558]LogPlayLevel: PlayLevel: No blueprints needed recompiling
[2017.05.02-09.48.03:058][558]PIE: New page: Sesión PIE (reproducción en el editor): Scene_01 (2/5/2017 13:48:03)
[2017.05.02-09.48.03:058][558]LogPlayLevel: Creating play world package: /Game/UEDPIE_0_Scene_01
[2017.05.02-09.48.03:060][558]LogPlayLevel: PIE: StaticDuplicateObject took: (0.001979s)
[2017.05.02-09.48.03:061][558]LogAIModule: Creating AISystem for world Scene_01
[2017.05.02-09.48.03:061][558]LogPlayLevel: PIE: World Init took: (0.000590s)
[2017.05.02-09.48.03:061][558]LogPlayLevel: PIE: Created PIE world by copying editor world from /Game/Scene_01.Scene_01 to /Game/UEDPIE_0_Scene_01.Scene_01 (0.002779s)
[2017.05.02-09.48.03:086][558]LogInit: XAudio2 using 'Altavoces (Realtek High Definition Audio)' : 2 channels at 48 kHz using 32 bits per sample (channel mask 0x3)
[2017.05.02-09.48.03:092][558]LogInit: FAudioDevice initialized.
[2017.05.02-09.48.03:169][558]LogLoad: Game class is 'GameModeBase'
[2017.05.02-09.48.03:174][558]LogWorld: Bringing World /Game/UEDPIE_0_Scene_01.Scene_01 up for play (max tick rate 60) at 2017.05.02-11.48.03
[2017.05.02-09.48.03:175][558]LogWorld: Bringing up level for play took: 0.001956
[2017.05.02-09.48.03:224][558]LogContentBrowser: Native class hierarchy updated for 'MovieSceneCapture' in 0.0020 seconds. Added 11 classes and 0 folders.
[2017.05.02-09.48.03:558][558]PIE: Información Tiempo de inicio de la reproducción en el editor para  /Game/UEDPIE_0_Scene_01 1,009
[2017.05.02-09.48.03:559][558]LogBlueprintUserMessages: Late PlayInEditor Detection: Level '/Game/Scene_01.Scene_01:PersistentLevel' has LevelScriptBlueprint '/Game/Scene_01.Scene_01:PersistentLevel.Scene_01' with GeneratedClass '/Game/Scene_01.Scene_01_C' with ClassGeneratedBy '/Game/Scene_01.Scene_01:PersistentLevel.Scene_01'
[2017.05.02-09.48.18:480][642]LogBlueprintUserMessages: Early EndPlayMap Detection: Level '/Game/Scene_01.Scene_01:PersistentLevel' has LevelScriptBlueprint '/Game/Scene_01.Scene_01:PersistentLevel.Scene_01' with GeneratedClass '/Game/Scene_01.Scene_01_C' with ClassGeneratedBy '/Game/Scene_01.Scene_01:PersistentLevel.Scene_01'
[2017.05.02-09.48.18:691][642]LogBlueprintUserMessages: Late EndPlayMap Detection: Level '/Game/Scene_01.Scene_01:PersistentLevel' has LevelScriptBlueprint '/Game/Scene_01.Scene_01:PersistentLevel.Scene_01' with GeneratedClass '/Game/Scene_01.Scene_01_C' with ClassGeneratedBy '/Game/Scene_01.Scene_01:PersistentLevel.Scene_01'
[2017.05.02-09.48.35:400][409]LogVSAccessor:Warning: Couldn't goto line number '0' in 'C:/Users/User/Desktop/AutomataLangton/caveAutomata/Source/CaveAutomata/CaveAutomataClass.h'
[2017.05.02-09.48.35:642][409]LogVSAccessor:Warning: Couldn't goto line number '0' in 'C:/Users/User/Desktop/AutomataLangton/caveAutomata/Source/CaveAutomata/CaveAutomataClass.cpp'
[2017.05.02-14.30.07:013][209]LogWindowsTextInputMethodSystem:Display: IME system now deactivated.
[2017.05.02-14.30.07:266][210]Cmd: QUIT_EDITOR
[2017.05.02-14.30.08:184][210]LogExit: Preparing to exit.
[2017.05.02-14.30.09:130][210]LogExit: Editor shut down
[2017.05.02-14.30.09:131][210]LogExit: Transaction tracking system shut down
[2017.05.02-14.30.09:290][210]LogObj: Freed 0b from 0 cluster array pools.
[2017.05.02-14.30.09:295][210]LogExit: Object subsystem successfully closed.
[2017.05.02-14.30.09:322][210]LogD3D11RHI: Shutdown
[2017.05.02-14.30.09:322][210]LogD3D11RHI: CleanupD3DDevice
[2017.05.02-14.30.09:375][210]LogD3D11RHI: ~FD3D11DynamicRHI
[2017.05.02-14.30.09:385][210]LogModuleManager: Shutting down and abandoning module MovieSceneCapture (506)
[2017.05.02-14.30.09:385][210]LogModuleManager: Shutting down and abandoning module BlueprintGraph (504)
[2017.05.02-14.30.09:385][210]LogModuleManager: Shutting down and abandoning module BlueprintProfiler (502)
[2017.05.02-14.30.09:385][210]LogModuleManager: Shutting down and abandoning module HierarchicalLODOutliner (500)
[2017.05.02-14.30.09:385][210]LogModuleManager: Shutting down and abandoning module CrashTracker (498)
[2017.05.02-14.30.09:385][210]LogModuleManager: Shutting down and abandoning module SceneOutliner (496)
[2017.05.02-14.30.09:385][210]LogModuleManager: Shutting down and abandoning module AddContentDialog (494)
[2017.05.02-14.30.09:385][210]LogDirectoryWatcher: A directory notification for 'F:/Unreal/UE_4.15/FeaturePacks/' was aborted.
[2017.05.02-14.30.09:390][210]LogModuleManager: Shutting down and abandoning module WidgetCarousel (493)
[2017.05.02-14.30.09:390][210]LogModuleManager: Shutting down and abandoning module EditorWidgets (490)
[2017.05.02-14.30.09:390][210]LogModuleManager: Shutting down and abandoning module CollectionManager (488)
[2017.05.02-14.30.09:391][210]LogDirectoryWatcher: A directory notification for 'C:/Users/User/Desktop/AutomataLangton/caveAutomata/Content/Collections/' was aborted.
[2017.05.02-14.30.09:391][210]LogDirectoryWatcher: A directory notification for 'C:/Users/User/Desktop/AutomataLangton/caveAutomata/Content/Developers/User/Collections/' was aborted.
[2017.05.02-14.30.09:391][210]LogDirectoryWatcher: A directory notification for 'C:/Users/User/Desktop/AutomataLangton/caveAutomata/Saved/Collections/' was aborted.
[2017.05.02-14.30.09:391][210]LogModuleManager: Shutting down and abandoning module StatsViewer (486)
[2017.05.02-14.30.09:391][210]LogModuleManager: Shutting down and abandoning module FoliageEdit (484)
[2017.05.02-14.30.09:391][210]LogModuleManager: Shutting down and abandoning module LandscapeEditor (482)
[2017.05.02-14.30.09:391][210]LogModuleManager: Shutting down and abandoning module SceneDepthPickerMode (480)
[2017.05.02-14.30.09:391][210]LogModuleManager: Shutting down and abandoning module ActorPickerMode (478)
[2017.05.02-14.30.09:391][210]LogModuleManager: Shutting down and abandoning module GeometryMode (476)
[2017.05.02-14.30.09:391][210]LogModuleManager: Shutting down and abandoning module TextureAlignMode (474)
[2017.05.02-14.30.09:391][210]LogModuleManager: Shutting down and abandoning module BspMode (472)
[2017.05.02-14.30.09:391][210]LogModuleManager: Shutting down and abandoning module HardwareSurvey (470)
[2017.05.02-14.30.09:391][210]LogModuleManager: Shutting down and abandoning module SequenceRecorderSections (468)
[2017.05.02-14.30.09:391][210]LogModuleManager: Shutting down and abandoning module AutomationWorker (466)
[2017.05.02-14.30.09:391][210]LogModuleManager: Shutting down and abandoning module MatineeToLevelSequence (464)
[2017.05.02-14.30.09:391][210]LogModuleManager: Shutting down and abandoning module LevelSequenceEditor (462)
[2017.05.02-14.30.09:391][210]LogModuleManager: Shutting down and abandoning module PlacementMode (461)
[2017.05.02-14.30.09:391][210]LogModuleManager: Shutting down and abandoning module WmfMediaFactory (458)
[2017.05.02-14.30.09:391][210]LogModuleManager: Shutting down and abandoning module WmfMediaEditor (456)
[2017.05.02-14.30.09:391][210]LogModuleManager: Shutting down and abandoning module MfMediaFactory (454)
[2017.05.02-14.30.09:391][210]LogModuleManager: Shutting down and abandoning module MfMediaEditor (452)
[2017.05.02-14.30.09:391][210]LogModuleManager: Shutting down and abandoning module AvfMediaFactory (450)
[2017.05.02-14.30.09:391][210]LogModuleManager: Shutting down and abandoning module AvfMediaEditor (448)
[2017.05.02-14.30.09:391][210]LogModuleManager: Shutting down and abandoning module AndroidMediaFactory (446)
[2017.05.02-14.30.09:391][210]LogModuleManager: Shutting down and abandoning module Media (445)
[2017.05.02-14.30.09:391][210]LogModuleManager: Shutting down and abandoning module AndroidMediaEditor (442)
[2017.05.02-14.30.09:391][210]LogModuleManager: Shutting down and abandoning module CharacterAI (440)
[2017.05.02-14.30.09:391][210]LogModuleManager: Shutting down and abandoning module AudioCapture (438)
[2017.05.02-14.30.09:391][210]LogModuleManager: Shutting down and abandoning module SequenceRecorder (437)
[2017.05.02-14.30.09:391][210]LogModuleManager: Shutting down and abandoning module SmartSnapping (434)
[2017.05.02-14.30.09:391][210]LogModuleManager: Shutting down and abandoning module SessionServices (432)
[2017.05.02-14.30.09:391][210]LogModuleManager: Shutting down and abandoning module ViewportSnapping (430)
[2017.05.02-14.30.09:392][210]LogModuleManager: Shutting down and abandoning module ViewportInteraction (428)
[2017.05.02-14.30.09:392][210]LogModuleManager: Shutting down and abandoning module LogVisualizer (426)
[2017.05.02-14.30.09:392][210]LogModuleManager: Shutting down and abandoning module IntroTutorials (424)
[2017.05.02-14.30.09:392][210]LogModuleManager: Shutting down and abandoning module GameProjectGeneration (423)
[2017.05.02-14.30.09:392][210]LogModuleManager: Shutting down and abandoning module EditorLiveStreaming (420)
[2017.05.02-14.30.09:392][210]LogModuleManager: Shutting down and abandoning module IOSPlatformEditor (418)
[2017.05.02-14.30.09:392][210]LogModuleManager: Shutting down and abandoning module HTML5PlatformEditor (416)
[2017.05.02-14.30.09:392][210]LogModuleManager: Shutting down and abandoning module AndroidPlatformEditor (414)
[2017.05.02-14.30.09:392][210]LogModuleManager: Shutting down and abandoning module AndroidDeviceDetection (413)
[2017.05.02-14.30.10:367][210]LogModuleManager: Shutting down and abandoning module IOSRuntimeSettings (410)
[2017.05.02-14.30.10:367][210]LogModuleManager: Shutting down and abandoning module AndroidRuntimeSettings (408)
[2017.05.02-14.30.10:367][210]LogModuleManager: Shutting down and abandoning module InputBindingEditor (406)
[2017.05.02-14.30.10:367][210]LogModuleManager: Shutting down and abandoning module NiagaraEditor (404)
[2017.05.02-14.30.10:368][210]LogModuleManager: Shutting down and abandoning module MergeActors (402)
[2017.05.02-14.30.10:368][210]LogModuleManager: Shutting down and abandoning module SizeMap (400)
[2017.05.02-14.30.10:368][210]LogModuleManager: Shutting down and abandoning module TreeMap (398)
[2017.05.02-14.30.10:368][210]LogModuleManager: Shutting down and abandoning module ReferenceViewer (396)
[2017.05.02-14.30.10:368][210]LogModuleManager: Shutting down and abandoning module LocalizationDashboard (394)
[2017.05.02-14.30.10:368][210]LogModuleManager: Shutting down and abandoning module LocalizationService (393)
[2017.05.02-14.30.10:368][210]LogModuleManager: Shutting down and abandoning module HardwareTargeting (390)
[2017.05.02-14.30.10:368][210]LogModuleManager: Shutting down and abandoning module DeviceProfileEditor (388)
[2017.05.02-14.30.10:368][210]LogModuleManager: Shutting down and abandoning module UndoHistory (386)
[2017.05.02-14.30.10:368][210]LogModuleManager: Shutting down and abandoning module UserFeedback (384)
[2017.05.02-14.30.10:368][210]LogModuleManager: Shutting down and abandoning module XmlParser (382)
[2017.05.02-14.30.10:368][210]LogModuleManager: Shutting down and abandoning module Blutility (380)
[2017.05.02-14.30.10:368][210]LogModuleManager: Shutting down and abandoning module ProjectSettingsViewer (378)
[2017.05.02-14.30.10:368][210]LogModuleManager: Shutting down and abandoning module ProjectTargetPlatformEditor (377)
[2017.05.02-14.30.10:369][210]LogModuleManager: Shutting down and abandoning module EditorSettingsViewer (374)
[2017.05.02-14.30.10:369][210]LogModuleManager: Shutting down and abandoning module SettingsEditor (372)
[2017.05.02-14.30.10:369][210]LogModuleManager: Shutting down and abandoning module ProjectLauncher (370)
[2017.05.02-14.30.10:369][210]LogModuleManager: Shutting down and abandoning module SessionFrontend (368)
[2017.05.02-14.30.10:369][210]LogModuleManager: Shutting down and abandoning module ProfilerClient (366)
[2017.05.02-14.30.10:369][210]LogModuleManager: Shutting down and abandoning module DeviceManager (364)
[2017.05.02-14.30.10:369][210]LogModuleManager: Shutting down and abandoning module TargetDeviceServices (363)
[2017.05.02-14.30.10:413][210]LogModuleManager: Shutting down and abandoning module AutomationController (360)
[2017.05.02-14.30.10:413][210]LogModuleManager: Shutting down and abandoning module AutomationWindow (358)
[2017.05.02-14.30.10:413][210]LogModuleManager: Shutting down and abandoning module Layers (356)
[2017.05.02-14.30.10:413][210]LogModuleManager: Shutting down and abandoning module ComponentVisualizers (354)
[2017.05.02-14.30.10:413][210]LogModuleManager: Shutting down and abandoning module DetailCustomizations (352)
[2017.05.02-14.30.10:413][210]LogModuleManager: Shutting down and abandoning module PackagesDialog (350)
[2017.05.02-14.30.10:413][210]LogModuleManager: Shutting down and abandoning module Persona (348)
[2017.05.02-14.30.10:413][210]LogModuleManager: Shutting down and abandoning module AnimGraph (347)
[2017.05.02-14.30.10:413][210]LogModuleManager: Shutting down and abandoning module Kismet (344)
[2017.05.02-14.30.10:427][210]LogModuleManager: Shutting down and abandoning module GraphEditor (342)
[2017.05.02-14.30.10:427][210]LogModuleManager: Shutting down and abandoning module ClassViewer (340)
[2017.05.02-14.30.10:427][210]LogModuleManager: Shutting down and abandoning module Toolbox (338)
[2017.05.02-14.30.10:427][210]LogModuleManager: Shutting down and abandoning module ModuleUI (336)
[2017.05.02-14.30.10:427][210]LogModuleManager: Shutting down and abandoning module MovieSceneTools (334)
[2017.05.02-14.30.10:427][210]LogModuleManager: Shutting down and abandoning module OutputLog (332)
[2017.05.02-14.30.10:427][210]LogModuleManager: Shutting down and abandoning module GammaUI (330)
[2017.05.02-14.30.10:427][210]LogModuleManager: Shutting down and abandoning module Documentation (328)
[2017.05.02-14.30.10:427][210]LogModuleManager: Shutting down and abandoning module Niagara (326)
[2017.05.02-14.30.10:427][210]LogModuleManager: Shutting down and abandoning module StreamingPauseRendering (324)
[2017.05.02-14.30.10:427][210]LogModuleManager: Shutting down and abandoning module AnalyticsET (322)
[2017.05.02-14.30.10:428][210]LogModuleManager: Shutting down and abandoning module PortalServices (320)
[2017.05.02-14.30.10:428][210]LogModuleManager: Shutting down and abandoning module PortalRpc (318)
[2017.05.02-14.30.10:428][210]LogModuleManager: Shutting down and abandoning module MessagingRpc (316)
[2017.05.02-14.30.10:428][210]LogModuleManager: Shutting down and abandoning module AIModule (314)
[2017.05.02-14.30.10:428][210]LogModuleManager: Shutting down and abandoning module GameplayDebugger (313)
[2017.05.02-14.30.10:428][210]LogModuleManager: Shutting down and abandoning module AITestSuite (311)
[2017.05.02-14.30.10:428][210]LogModuleManager: Shutting down and abandoning module ProfilerService (308)
[2017.05.02-14.30.10:550][210]LogModuleManager: Shutting down and abandoning module TaskGraph (306)
[2017.05.02-14.30.10:550][210]LogModuleManager: Shutting down and abandoning module SteamVRController (304)
[2017.05.02-14.30.10:550][210]LogModuleManager: Shutting down and abandoning module SteamVR (302)
[2017.05.02-14.30.10:550][210]LogModuleManager: Shutting down and abandoning module ProceduralMeshComponentEditor (300)
[2017.05.02-14.30.10:550][210]LogModuleManager: Shutting down and abandoning module ProceduralMeshComponent (298)
[2017.05.02-14.30.10:550][210]LogModuleManager: Shutting down and abandoning module OculusLibrary (296)
[2017.05.02-14.30.10:550][210]LogModuleManager: Shutting down and abandoning module OculusInput (294)
[2017.05.02-14.30.10:550][210]LogModuleManager: Shutting down and abandoning module MobilePatchingUtils (292)
[2017.05.02-14.30.10:550][210]LogModuleManager: Shutting down and abandoning module CustomMeshComponent (290)
[2017.05.02-14.30.10:550][210]LogModuleManager: Shutting down and abandoning module CableComponent (288)
[2017.05.02-14.30.10:550][210]LogModuleManager: Shutting down and abandoning module ArchVisCharacter (286)
[2017.05.02-14.30.10:550][210]LogModuleManager: Shutting down and abandoning module MediaPlayerEditor (282)
[2017.05.02-14.30.10:550][210]LogModuleManager: Shutting down and abandoning module HTML5Networking (280)
[2017.05.02-14.30.10:550][210]LogModuleManager: Shutting down and abandoning module AlembicImporter (278)
[2017.05.02-14.30.10:550][210]LogModuleManager: Shutting down and abandoning module AlembicLibrary (277)
[2017.05.02-14.30.10:550][210]LogModuleManager: Shutting down and abandoning module GeometryCache (276)
[2017.05.02-14.30.10:550][210]LogModuleManager: Shutting down and abandoning module GeometryCacheEd (275)
[2017.05.02-14.30.10:550][210]LogModuleManager: Shutting down and abandoning module SuperSearchEditor (270)
[2017.05.02-14.30.10:550][210]LogModuleManager: Shutting down and abandoning module SuperSearch (269)
[2017.05.02-14.30.10:550][210]LogModuleManager: Shutting down and abandoning module SpeedTreeImporter (266)
[2017.05.02-14.30.10:550][210]LogModuleManager: Shutting down and abandoning module PluginBrowser (264)
[2017.05.02-14.30.10:550][210]LogModuleManager: Shutting down and abandoning module MobileLauncherProfileWizard (262)
[2017.05.02-14.30.10:550][210]LogModuleManager: Shutting down and abandoning module EpicSurvey (260)
[2017.05.02-14.30.10:550][210]LogModuleManager: Shutting down and abandoning module VisualStudioSourceCodeAccess (258)
[2017.05.02-14.30.10:550][210]LogModuleManager: Shutting down and abandoning module DesktopPlatform (257)
[2017.05.02-14.30.10:550][210]LogModuleManager: Shutting down and abandoning module UObjectPlugin (254)
[2017.05.02-14.30.10:550][210]LogModuleManager: Shutting down and abandoning module SubversionSourceControl (252)
[2017.05.02-14.30.10:550][210]LogModuleManager: Shutting down and abandoning module PerforceSourceControl (250)
[2017.05.02-14.30.10:550][210]LogModuleManager: Shutting down and abandoning module GitSourceControl (248)
[2017.05.02-14.30.10:551][210]LogModuleManager: Shutting down and abandoning module SourceControl (247)
[2017.05.02-14.30.10:551][210]LogModuleManager: Shutting down and abandoning module LightPropagationVolumeEditor (244)
[2017.05.02-14.30.10:551][210]LogModuleManager: Shutting down and abandoning module PaperTiledImporter (242)
[2017.05.02-14.30.10:551][210]LogModuleManager: Shutting down and abandoning module PaperSpriteSheetImporter (240)
[2017.05.02-14.30.10:551][210]LogModuleManager: Shutting down and abandoning module Paper2DEditor (238)
[2017.05.02-14.30.10:551][210]LogModuleManager: Shutting down and abandoning module MeshPaint (237)
[2017.05.02-14.30.10:551][210]LogModuleManager: Shutting down and abandoning module LevelEditor (235)
[2017.05.02-14.30.10:553][210]LogModuleManager: Shutting down and abandoning module PixelInspectorModule (234)
[2017.05.02-14.30.10:553][210]LogModuleManager: Shutting down and abandoning module MainFrame (232)
[2017.05.02-14.30.10:553][210]LogModuleManager: Shutting down and abandoning module HotReload (231)
[2017.05.02-14.30.10:553][210]LogDirectoryWatcher: A directory notification for 'C:/Users/User/Desktop/AutomataLangton/caveAutomata/Binaries/Win64' was aborted.
[2017.05.02-14.30.10:553][210]LogModuleManager: Shutting down and abandoning module ContentBrowser (227)
[2017.05.02-14.30.10:555][210]LogModuleManager: Shutting down and abandoning module CaveAutomata (224)
[2017.05.02-14.30.10:555][210]LogModuleManager: Shutting down and abandoning module PhysXVehiclesEditor (222)
[2017.05.02-14.30.10:555][210]LogModuleManager: Shutting down and abandoning module PhysXVehicles (220)
[2017.05.02-14.30.10:556][210]LogModuleManager: Shutting down and abandoning module LocationServicesBPLibrary (218)
[2017.05.02-14.30.10:556][210]LogModuleManager: Shutting down and abandoning module UdpMessaging (216)
[2017.05.02-14.30.10:656][210]LogModuleManager: Shutting down and abandoning module TcpMessaging (214)
[2017.05.02-14.30.10:757][210]LogModuleManager: Shutting down and abandoning module GameplayTagsEditor (212)
[2017.05.02-14.30.10:757][210]LogModuleManager: Shutting down and abandoning module FacialAnimationEditor (210)
[2017.05.02-14.30.10:757][210]LogModuleManager: Shutting down and abandoning module FacialAnimation (208)
[2017.05.02-14.30.10:757][210]LogModuleManager: Shutting down and abandoning module LightPropagationVolumeRuntime (206)
[2017.05.02-14.30.10:757][210]LogModuleManager: Shutting down and abandoning module Paper2D (204)
[2017.05.02-14.30.10:757][210]LogModuleManager: Shutting down and abandoning module WindowsMoviePlayer (202)
[2017.05.02-14.30.10:757][210]LogModuleManager: Shutting down and abandoning module WmfMedia (200)
[2017.05.02-14.30.10:757][210]LogModuleManager: Shutting down and abandoning module MfMedia (198)
[2017.05.02-14.30.10:757][210]LogModuleManager: Shutting down and abandoning module MediaAssets (196)
[2017.05.02-14.30.10:757][210]LogModuleManager: Shutting down and abandoning module GameLiveStreaming (194)
[2017.05.02-14.30.10:757][210]LogModuleManager: Shutting down and abandoning module VREditor (192)
[2017.05.02-14.30.10:757][210]LogModuleManager: Shutting down and abandoning module GameplayTasksEditor (190)
[2017.05.02-14.30.10:757][210]LogModuleManager: Shutting down and abandoning module BehaviorTreeEditor (188)
[2017.05.02-14.30.10:757][210]LogModuleManager: Shutting down and abandoning module FunctionalTesting (186)
[2017.05.02-14.30.10:757][210]LogModuleManager: Shutting down and abandoning module CollisionAnalyzer (184)
[2017.05.02-14.30.10:757][210]LogModuleManager: Shutting down and abandoning module UMG (182)
[2017.05.02-14.30.10:757][210]LogModuleManager: Shutting down and abandoning module UMGEditor (181)
[2017.05.02-14.30.10:757][210]LogModuleManager: Shutting down and abandoning module Sequencer (180)
[2017.05.02-14.30.10:757][210]LogModuleManager: Shutting down and abandoning module AssetTools (178)
[2017.05.02-14.30.10:758][210]LogModuleManager: Shutting down and abandoning module MessageLog (177)
[2017.05.02-14.30.10:758][210]LogModuleManager: Shutting down and abandoning module WorkspaceMenuStructure (176)
[2017.05.02-14.30.10:758][210]LogModuleManager: Shutting down and abandoning module SlateReflector (170)
[2017.05.02-14.30.10:758][210]LogModuleManager: Shutting down and abandoning module Slate (168)
[2017.05.02-14.30.10:758][210]LogModuleManager: Shutting down and abandoning module EditorStyle (166)
[2017.05.02-14.30.10:760][210]LogModuleManager: Shutting down and abandoning module SourceCodeAccess (164)
[2017.05.02-14.30.10:760][210]LogModuleManager: Shutting down and abandoning module HeadMountedDisplay (162)
[2017.05.02-14.30.10:760][210]LogModuleManager: Shutting down and abandoning module XAudio2 (160)
[2017.05.02-14.30.10:760][210]LogModuleManager: Shutting down and abandoning module Networking (158)
[2017.05.02-14.30.10:760][210]LogModuleManager: Shutting down and abandoning module Core (154)
[2017.05.02-14.30.10:760][210]LogModuleManager: Shutting down and abandoning module AssetRegistry (152)
[2017.05.02-14.30.10:955][210]LogDirectoryWatcher: A directory notification for '../../../Engine/Content/' was aborted.
[2017.05.02-14.30.10:955][210]LogDirectoryWatcher: A directory notification for 'C:/Users/User/Desktop/AutomataLangton/caveAutomata/Content/' was aborted.
[2017.05.02-14.30.10:955][210]LogDirectoryWatcher: A directory notification for '../../../Engine/Plugins/2D/Paper2D/Content/' was aborted.
[2017.05.02-14.30.10:955][210]LogModuleManager: Shutting down and abandoning module DirectoryWatcher (151)
[2017.05.02-14.30.10:960][210]LogModuleManager: Shutting down and abandoning module KismetCompiler (148)
[2017.05.02-14.30.10:960][210]LogModuleManager: Shutting down and abandoning module PhysXFormats (146)
[2017.05.02-14.30.10:960][210]LogModuleManager: Shutting down and abandoning module MeshUtilities (144)
[2017.05.02-14.30.10:961][210]LogModuleManager: Shutting down and abandoning module SimplygonSwarm (143)
[2017.05.02-14.30.10:961][210]LogModuleManager: Shutting down and abandoning module SimplygonMeshReduction (141)
[2017.05.02-14.30.10:961][210]LogModuleManager: Shutting down and abandoning module QuadricMeshReduction (139)
[2017.05.02-14.30.10:961][210]LogModuleManager: Shutting down and abandoning module PropertyEditor (137)
[2017.05.02-14.30.10:961][210]LogModuleManager: Shutting down and abandoning module DerivedDataCache (134)
[2017.05.02-14.30.11:043][210]LogDerivedDataCache: Shutdown
[2017.05.02-14.30.11:043][210]LogModuleManager: Shutting down and abandoning module TargetPlatform (132)
[2017.05.02-14.30.11:044][210]LogModuleManager: Shutting down and abandoning module VulkanShaderFormat (131)
[2017.05.02-14.30.11:044][210]LogModuleManager: Shutting down and abandoning module ShaderFormatOpenGL (129)
[2017.05.02-14.30.11:044][210]LogModuleManager: Shutting down and abandoning module ShaderFormatD3D (127)
[2017.05.02-14.30.11:044][210]LogModuleManager: Shutting down and abandoning module MetalShaderFormat (125)
[2017.05.02-14.30.11:044][210]LogModuleManager: Shutting down and abandoning module TextureFormatUncompressed (123)
[2017.05.02-14.30.11:044][210]LogModuleManager: Shutting down and abandoning module TextureFormatPVR (121)
[2017.05.02-14.30.11:044][210]LogModuleManager: Shutting down and abandoning module TextureFormatDXT (119)
[2017.05.02-14.30.11:044][210]LogModuleManager: Shutting down and abandoning module TextureFormatIntelISPCTexComp (117)
[2017.05.02-14.30.11:044][210]LogModuleManager: Shutting down and abandoning module TextureFormatASTC (115)
[2017.05.02-14.30.11:044][210]LogModuleManager: Shutting down and abandoning module ImageWrapper (114)
[2017.05.02-14.30.11:044][210]LogModuleManager: Shutting down and abandoning module TextureFormatAndroid (111)
[2017.05.02-14.30.11:044][210]LogModuleManager: Shutting down and abandoning module AudioFormatOpus (109)
[2017.05.02-14.30.11:044][210]LogModuleManager: Shutting down and abandoning module AudioFormatOgg (107)
[2017.05.02-14.30.11:044][210]LogModuleManager: Shutting down and abandoning module AudioFormatADPCM (105)
[2017.05.02-14.30.11:044][210]LogModuleManager: Shutting down and abandoning module LinuxTargetPlatform (103)
[2017.05.02-14.30.11:044][210]LogModuleManager: Shutting down and abandoning module LinuxServerTargetPlatform (101)
[2017.05.02-14.30.11:044][210]LogModuleManager: Shutting down and abandoning module LinuxNoEditorTargetPlatform (99)
[2017.05.02-14.30.11:044][210]LogModuleManager: Shutting down and abandoning module LinuxClientTargetPlatform (97)
[2017.05.02-14.30.11:044][210]LogModuleManager: Shutting down and abandoning module TVOSTargetPlatform (95)
[2017.05.02-14.30.11:044][210]LogModuleManager: Shutting down and abandoning module Messaging (93)
[2017.05.02-14.30.11:044][210]LogModuleManager: Shutting down and abandoning module IOSTargetPlatform (91)
[2017.05.02-14.30.11:044][210]LogModuleManager: Shutting down and abandoning module HTML5TargetPlatform (89)
[2017.05.02-14.30.11:044][210]LogModuleManager: Shutting down and abandoning module Android_PVRTCTargetPlatform (87)
[2017.05.02-14.30.11:044][210]LogModuleManager: Shutting down and abandoning module Android_MultiTargetPlatform (85)
[2017.05.02-14.30.11:044][210]LogModuleManager: Shutting down and abandoning module Android_ETC2TargetPlatform (83)
[2017.05.02-14.30.11:044][210]LogModuleManager: Shutting down and abandoning module Android_ETC1TargetPlatform (81)
[2017.05.02-14.30.11:044][210]LogModuleManager: Shutting down and abandoning module Android_DXTTargetPlatform (79)
[2017.05.02-14.30.11:044][210]LogModuleManager: Shutting down and abandoning module Android_ATCTargetPlatform (77)
[2017.05.02-14.30.11:044][210]LogModuleManager: Shutting down and abandoning module Android_ASTCTargetPlatform (75)
[2017.05.02-14.30.11:044][210]LogModuleManager: Shutting down and abandoning module AndroidTargetPlatform (73)
[2017.05.02-14.30.11:044][210]LogModuleManager: Shutting down and abandoning module WindowsTargetPlatform (71)
[2017.05.02-14.30.11:044][210]LogModuleManager: Shutting down and abandoning module WindowsServerTargetPlatform (69)
[2017.05.02-14.30.11:044][210]LogModuleManager: Shutting down and abandoning module WindowsNoEditorTargetPlatform (67)
[2017.05.02-14.30.11:044][210]LogModuleManager: Shutting down and abandoning module WindowsClientTargetPlatform (65)
[2017.05.02-14.30.11:045][210]LogModuleManager: Shutting down and abandoning module MacTargetPlatform (63)
[2017.05.02-14.30.11:045][210]LogModuleManager: Shutting down and abandoning module MacServerTargetPlatform (61)
[2017.05.02-14.30.11:045][210]LogModuleManager: Shutting down and abandoning module MacNoEditorTargetPlatform (59)
[2017.05.02-14.30.11:045][210]LogModuleManager: Shutting down and abandoning module MacClientTargetPlatform (57)
[2017.05.02-14.30.11:045][210]LogModuleManager: Shutting down and abandoning module AllDesktopTargetPlatform (55)
[2017.05.02-14.30.11:045][210]LogModuleManager: Shutting down and abandoning module InputCore (52)
[2017.05.02-14.30.11:045][210]LogModuleManager: Shutting down and abandoning module Settings (50)
[2017.05.02-14.30.11:045][210]LogModuleManager: Shutting down and abandoning module OculusRift (48)
[2017.05.02-14.30.11:045][210]LogModuleManager: Shutting down and abandoning module GearVR (46)
[2017.05.02-14.30.11:045][210]LogModuleManager: Shutting down and abandoning module ExampleDeviceProfileSelector (44)
[2017.05.02-14.30.11:045][210]LogModuleManager: Shutting down and abandoning module OnlineBlueprintSupport (42)
[2017.05.02-14.30.11:045][210]LogModuleManager: Shutting down and abandoning module OnlineSubsystem (38)
[2017.05.02-14.30.11:045][210]LogOnline:Display: Unloading online subsystem: NULL
[2017.05.02-14.30.11:045][210]LogModuleManager: Shutting down and abandoning module XMPP (37)
[2017.05.02-14.30.11:045][210]LogModuleManager: Shutting down and abandoning module HTTP (35)
[2017.05.02-14.30.11:045][210]LogHttp:Display: Http module shutting down, but needs to wait on 1 outstanding Http requests:
[2017.05.02-14.30.11:045][210]LogHttp:Display: 	verb=[POST] url=[https://datarouter.ol.epicgames.com/datarouter/api/v1/public/data?SessionID=%7BC8E997B6-4546-9B0C-59C9-5CAC656F3572%7D&AppID=UEEditor.Rocket.Release&AppVersion=4.15.1-3348071%2B%2B%2BUE4%2BRelease-4.15&UserID=42545572402df1d88ed02ab9fc905f3b%7C5a4f4e4fd361418f88f739799b2f171f%7C9d113da7-36fb-45c4-a1ec-6e80350787ea&AppEnvironment=datacollector-binary&UploadType=eteventstream] status=Processing
[2017.05.02-14.30.11:054][210]LogModuleManager: Shutting down and abandoning module SSL (34)
[2017.05.02-14.30.11:056][210]LogModuleManager: Shutting down and abandoning module AudioEditor (30)
[2017.05.02-14.30.11:056][210]LogModuleManager: Shutting down and abandoning module TextureCompressor (28)
[2017.05.02-14.30.11:056][210]LogModuleManager: Shutting down and abandoning module ShaderCore (26)
[2017.05.02-14.30.11:056][210]LogModuleManager: Shutting down and abandoning module Landscape (24)
[2017.05.02-14.30.11:056][210]LogModuleManager: Shutting down and abandoning module SlateRHIRenderer (22)
[2017.05.02-14.30.11:062][210]LogModuleManager: Shutting down and abandoning module OpenGLDrv (20)
[2017.05.02-14.30.11:062][210]LogModuleManager: Shutting down and abandoning module D3D11RHI (18)
[2017.05.02-14.30.11:062][210]LogModuleManager: Shutting down and abandoning module AnimGraphRuntime (16)
[2017.05.02-14.30.11:062][210]LogModuleManager: Shutting down and abandoning module Renderer (14)
[2017.05.02-14.30.11:062][210]LogModuleManager: Shutting down and abandoning module Engine (12)
[2017.05.02-14.30.11:062][210]LogModuleManager: Shutting down and abandoning module CoreUObject (10)
[2017.05.02-14.30.11:062][210]LogModuleManager: Shutting down and abandoning module NetworkFile (8)
[2017.05.02-14.30.11:062][210]LogModuleManager: Shutting down and abandoning module StreamingFile (6)
[2017.05.02-14.30.11:062][210]LogModuleManager: Shutting down and abandoning module SandboxFile (4)
[2017.05.02-14.30.11:062][210]LogModuleManager: Shutting down and abandoning module PakFile (2)
[2017.05.02-14.30.11:065][210]LogExit: Exiting.
[2017.05.02-14.30.11:070][210]Log file closed, 05/02/17 16:30:11
