Log file open, 04/05/18 17:28:04
LogInit:Display: Running engine for game: CaveAutomata
LogPlatformFile: Not using cached read wrapper
LogInit:Display: RandInit(-1137197541) SRandInit(-1137197541).
LogTaskGraph: Started task graph with 5 named threads and 8 total threads with 1 sets of task threads.
LogStats: Stats thread started at 0.134434
LogInit:Warning: Incompatible or missing module: UE4Editor-CaveAutomata.dll
Running F:/Unreal/UE_4.15/Engine/Binaries/DotNET/UnrealBuildTool.exe CaveAutomata Development Win64 -project="C:/Users/User/Desktop/caveAutomata/CaveAutomata.uproject" -editorrecompile -progress -NoHotReloadFromIDE
Creating makefile for CaveAutomata (no existing makefile)
Performing full C++ include scan (no include cache file)
@progress push 5%
Parsing headers for CaveAutomataEditor
  Running UnrealHeaderTool "C:\Users\User\Desktop\caveAutomata\CaveAutomata.uproject" "C:\Users\User\Desktop\caveAutomata\Intermediate\Build\Win64\CaveAutomataEditor\Development\CaveAutomataEditor.uhtmanifest" -LogCmds="loginit warning, logexit warning, logdatabase error" -Unattended -WarningsAsErrors -installed
Reflection code generated for CaveAutomataEditor in 8,1083462 seconds
@progress pop
Performing 9 actions (4 in parallel)
[3/9] Resource PCLaunch.rc
[2/9] Resource ModuleVersionResource.rc.inl
PCH.CaveAutomata.cpp
CaveAutomataClass.cpp
CaveAutomataGameModeBase.cpp
CaveAutomata.cpp
CaveAutomata.generated.cpp
[8/9] Link UE4Editor-CaveAutomata.dll
[9/9] Link UE4Editor-CaveAutomata.lib
   Creando biblioteca C:\Users\User\Desktop\caveAutomata\Intermediate\Build\Win64\UE4Editor\Development\UE4Editor-CaveAutomata.lib y objeto C:\Users\User\Desktop\caveAutomata\Intermediate\Build\Win64\UE4Editor\Development\UE4Editor-CaveAutomata.exp
   Creando biblioteca C:\Users\User\Desktop\caveAutomata\Intermediate\Build\Win64\UE4Editor\Development\UE4Editor-CaveAutomata.suppressed.lib y objeto C:\Users\User\Desktop\caveAutomata\Intermediate\Build\Win64\UE4Editor\Development\UE4Editor-CaveAutomata.suppressed.exp
Total build time: 155,56 seconds (Local executor: 103,27 seconds)
LogInit: Using libcurl 7.47.1
LogInit:  - built for x86_64-pc-win32
LogInit:  - supports SSL with OpenSSL/1.0.2g
LogInit:  - supports HTTP deflate (compression) using libz 1.2.8
LogInit:  - other features:
LogInit:      CURL_VERSION_SSL
LogInit:      CURL_VERSION_LIBZ
LogInit:      CURL_VERSION_IPV6
LogInit:      CURL_VERSION_ASYNCHDNS
LogInit:      CURL_VERSION_LARGEFILE
LogInit:      CURL_VERSION_IDN
LogInit:  CurlRequestOptions (configurable via config and command line):
LogInit:  - bVerifyPeer = false  - Libcurl will NOT verify peer certificate
LogInit:  - bUseHttpProxy = false  - Libcurl will NOT use HTTP proxy
LogInit:  - bDontReuseConnections = false  - Libcurl will reuse connections
LogInit:  - CertBundlePath = nullptr  - Libcurl will use whatever was configured at build time.
LogInit: Build: ++UE4+Release-4.15-CL-3348071
LogInit: Engine Version: 4.15.1-3348071+++UE4+Release-4.15
LogInit: Compatible Engine Version: 4.15.0-3299760+++UE4+Release-4.15
LogInit: Net CL: 3299760
LogDevObjectVersion: Number of dev versions registered: 14
LogDevObjectVersion:   Dev-Blueprints (B0D832E4-1F89-4F0D-ACCF-7EB736FD4AA2): 8
LogDevObjectVersion:   Dev-Build (E1C64328-A22C-4D53-A36C-8E866417BD8C): 0
LogDevObjectVersion:   Dev-Core (375EC13C-06E4-48FB-B500-84F0262A717E): 2
LogDevObjectVersion:   Dev-Editor (E4B068ED-F494-42E9-A231-DA0B2E46BB41): 14
LogDevObjectVersion:   Dev-Framework (CFFC743F-43B0-4480-9391-14DF171D2073): 22
LogDevObjectVersion:   Dev-Mobile (B02B49B5-BB20-44E9-A304-32B752E40360): 0
LogDevObjectVersion:   Dev-Networking (A4E4105C-59A1-49B5-A7C5-40C4547EDFEE): 0
LogDevObjectVersion:   Dev-Online (39C831C9-5AE6-47DC-9A44-9C173E1C8E7C): 0
LogDevObjectVersion:   Dev-Physics (78F01B33-EBEA-4F98-B9B4-84EACCB95AA2): 0
LogDevObjectVersion:   Dev-Platform (6631380F-2D4D-43E0-8009-CF276956A95A): 0
LogDevObjectVersion:   Dev-Rendering (12F88B9F-8875-4AFC-A67C-D90C383ABD29): 12
LogDevObjectVersion:   Dev-Sequencer (7B5AE74C-D270-4C10-A958-57980B212A5A): 3
LogDevObjectVersion:   Dev-VR (D7296918-1DD6-4BDD-9DE2-64A83CC13884): 0
LogDevObjectVersion:   Dev-LoadTimes (C2A15278-BFE7-4AFE-6C17-90FF531DF755): 1
LogInit: Compiled (64-bit): Mar 15 2017 16:52:47
LogInit: Compiled with Visual C++: 19.00.23026.00
LogInit: Build Configuration: Development
LogInit: Branch Name: ++UE4+Release-4.15
LogInit: Command line:  
LogInit: Base directory: F:/Unreal/UE_4.15/Engine/Binaries/Win64/
LogInit: Installed Engine Build: 1
LogInit: Presizing for max 8388607 objects, including 0 objects not considered by GC, pre-allocating 0 bytes for permanent pool.
LogInit: Object subsystem initialized
[2018.04.05-15.30.46:635][  0]LogInit: Selected Device Profile: [Windows]
[2018.04.05-15.30.46:635][  0]LogInit: Applying CVar settings loaded from the selected device profile: [Windows]
[2018.04.05-15.30.46:656][  0]LogInit: Computer: PC-USER
[2018.04.05-15.30.46:656][  0]LogInit: User: User
[2018.04.05-15.30.46:656][  0]LogInit: CPU Page size=65536, Cores=4
[2018.04.05-15.30.46:656][  0]LogInit: High frequency timer resolution =2.533211 MHz
[2018.04.05-15.30.46:657][  0]LogMemory: Memory total: Physical=15.9GB (16GB approx)
[2018.04.05-15.30.46:657][  0]LogMemory: Platform Memory Stats for Windows
[2018.04.05-15.30.46:657][  0]LogMemory: Process Physical Memory: 268.16 MB used, 268.16 MB peak
[2018.04.05-15.30.46:657][  0]LogMemory: Process Virtual Memory: 262.85 MB used, 262.85 MB peak
[2018.04.05-15.30.46:657][  0]LogMemory: Physical Memory: 7416.23 MB used,  8856.84 MB free, 16273.07 MB total
[2018.04.05-15.30.46:657][  0]LogMemory: Virtual Memory: 728.48 MB used,  8856.84 MB free, 134217728.00 MB total
[2018.04.05-15.30.47:287][  0]LogInit: Overriding culture en with editor configuration.
[2018.04.05-15.30.48:590][  0]LogD3D11RHI: D3D11 adapters:
[2018.04.05-15.30.48:658][  0]LogD3D11RHI:    0. 'NVIDIA GeForce GTX 960M' (Feature Level 11_0)
[2018.04.05-15.30.48:658][  0]LogD3D11RHI:       4055/0/8136 MB DedicatedVideo/DedicatedSystem/SharedSystem, Outputs:1, VendorId:0x10de
[2018.04.05-15.30.48:664][  0]LogD3D11RHI:    1. 'Intel(R) HD Graphics 4600' (Feature Level 11_0)
[2018.04.05-15.30.48:664][  0]LogD3D11RHI:       112/0/2048 MB DedicatedVideo/DedicatedSystem/SharedSystem, Outputs:0, VendorId:0x8086
[2018.04.05-15.30.48:667][  0]LogD3D11RHI:    2. 'Microsoft Basic Render Driver' (Feature Level 11_0)
[2018.04.05-15.30.48:667][  0]LogD3D11RHI:       0/0/8136 MB DedicatedVideo/DedicatedSystem/SharedSystem, Outputs:0, VendorId:0x1414
[2018.04.05-15.30.48:667][  0]LogD3D11RHI: Chosen D3D11 Adapter: 0
[2018.04.05-15.30.48:674][  0]LogD3D11RHI: Creating new Direct3DDevice
[2018.04.05-15.30.48:674][  0]LogD3D11RHI:     GPU DeviceId: 0x139b (for the marketing name, search the web for "GPU Device Id")
[2018.04.05-15.30.48:674][  0]LogWindows: EnumDisplayDevices:
[2018.04.05-15.30.48:674][  0]LogWindows:    0. 'Intel(R) HD Graphics 4600' (P:1 D:1)
[2018.04.05-15.30.48:674][  0]LogWindows:    1. 'Intel(R) HD Graphics 4600' (P:0 D:0)
[2018.04.05-15.30.48:675][  0]LogWindows:    2. 'Intel(R) HD Graphics 4600' (P:0 D:0)
[2018.04.05-15.30.48:675][  0]LogWindows: DebugString: GetVideoDriverDetailsInvalid PrimaryIsNotTheChoosenAdapter GetVideoDriverDetailsInvalid PrimaryIsNotTheChoosenAdapter GetVideoDriverDetailsInvalid PrimaryIsNotTheChoosenAdapter FoundDriverCount:0 
[2018.04.05-15.30.48:675][  0]LogD3D11RHI:     Adapter Name: NVIDIA GeForce GTX 960M
[2018.04.05-15.30.48:675][  0]LogD3D11RHI:   Driver Version: Unknown (internal:Unknown, unified:Unknown)
[2018.04.05-15.30.48:675][  0]LogD3D11RHI:      Driver Date: Unknown
[2018.04.05-15.30.48:675][  0]LogRHI: Texture pool is 1361 MB (70% of 1945 MB)
[2018.04.05-15.30.48:717][  0]LogD3D11RHI: Async texture creation enabled
[2018.04.05-15.30.48:816][  0]LogD3D11RHI: GPU Timing Frequency: 1000.000000 (Debug: 2 2)
[2018.04.05-15.30.48:816][  0]LogShaderCompilers: Guid format shader working directory is 11 characters bigger than the processId version (C:/Users/User/Desktop/caveAutomata/Intermediate/Shaders/WorkingDirectory/6668/).
[2018.04.05-15.30.48:816][  0]LogShaderCompilers: Cleaned the shader compiler working directory 'C:/Users/User/AppData/Local/Temp/UnrealShaderWorkingDir/5C9589444FADC48D81DE55968E9D4D55/'.
[2018.04.05-15.30.48:816][  0]LogShaderCompilers:Display: Using Local Shader Compiler.
[2018.04.05-15.30.50:876][  0]LogTemp:Display: Loaded TP AllDesktopTargetPlatform
[2018.04.05-15.30.50:983][  0]LogTemp:Display: Loaded TP MacClientTargetPlatform
[2018.04.05-15.30.51:092][  0]LogTemp:Display: Loaded TP MacNoEditorTargetPlatform
[2018.04.05-15.30.51:249][  0]LogTemp:Display: Loaded TP MacServerTargetPlatform
[2018.04.05-15.30.51:352][  0]LogTemp:Display: Loaded TP MacTargetPlatform
[2018.04.05-15.30.51:461][  0]LogTemp:Display: Loaded TP WindowsClientTargetPlatform
[2018.04.05-15.30.51:585][  0]LogTemp:Display: Loaded TP WindowsNoEditorTargetPlatform
[2018.04.05-15.30.51:681][  0]LogTemp:Display: Loaded TP WindowsServerTargetPlatform
[2018.04.05-15.30.51:740][  0]LogTemp:Display: Loaded TP WindowsTargetPlatform
[2018.04.05-15.30.51:827][  0]LogTemp:Display: Loaded TP AndroidTargetPlatform
[2018.04.05-15.30.51:895][  0]LogTemp:Display: Loaded TP Android_ASTCTargetPlatform
[2018.04.05-15.30.51:958][  0]LogTemp:Display: Loaded TP Android_ATCTargetPlatform
[2018.04.05-15.30.52:020][  0]LogTemp:Display: Loaded TP Android_DXTTargetPlatform
[2018.04.05-15.30.52:094][  0]LogTemp:Display: Loaded TP Android_ETC1TargetPlatform
[2018.04.05-15.30.52:162][  0]LogTemp:Display: Loaded TP Android_ETC2TargetPlatform
[2018.04.05-15.30.52:328][  0]LogTemp:Display: Loaded TP Android_MultiTargetPlatform
[2018.04.05-15.30.52:328][  0]LogTemp:Display: Loaded TP Android_PVRTCTargetPlatform
[2018.04.05-15.30.52:393][  0]LogTemp:Display: Loaded TP HTML5TargetPlatform
[2018.04.05-15.30.52:555][  0]LogTemp:Display: Loaded TP IOSTargetPlatform
[2018.04.05-15.30.52:658][  0]LogTemp:Display: Loaded TP TVOSTargetPlatform
[2018.04.05-15.30.52:747][  0]LogTemp:Display: Loaded TP LinuxClientTargetPlatform
[2018.04.05-15.30.52:860][  0]LogTemp:Display: Loaded TP LinuxNoEditorTargetPlatform
[2018.04.05-15.30.52:968][  0]LogTemp:Display: Loaded TP LinuxServerTargetPlatform
[2018.04.05-15.30.53:068][  0]LogTemp:Display: Loaded TP LinuxTargetPlatform
[2018.04.05-15.30.53:068][  0]LogTargetPlatformManager:Display: Building Assets For Windows
[2018.04.05-15.30.53:691][  0]LogDerivedDataCache:Display: Max Cache Size: 512 MB
[2018.04.05-15.30.53:767][  0]LogDerivedDataCache: Loaded boot cache 0.08s 50MB C:/Users/User/AppData/Local/UnrealEngine/4.15/DerivedDataCache/Boot.ddc.
[2018.04.05-15.30.53:767][  0]LogDerivedDataCache:Display: Loaded Boot cache: C:/Users/User/AppData/Local/UnrealEngine/4.15/DerivedDataCache/Boot.ddc
[2018.04.05-15.30.53:767][  0]LogDerivedDataCache: FDerivedDataBackendGraph:  Pak pak cache file C:/Users/User/Desktop/caveAutomata/DerivedDataCache/DDC.ddp not found, will not use a pak cache.
[2018.04.05-15.30.53:767][  0]LogDerivedDataCache: Unable to find inner node Pak for hierarchical cache Hierarchy.
[2018.04.05-15.30.53:767][  0]LogDerivedDataCache: FDerivedDataBackendGraph:  CompressedPak pak cache file C:/Users/User/Desktop/caveAutomata/DerivedDataCache/Compressed.ddp not found, will not use a pak cache.
[2018.04.05-15.30.53:767][  0]LogDerivedDataCache: Unable to find inner node CompressedPak for hierarchical cache Hierarchy.
[2018.04.05-15.30.53:803][  0]LogDerivedDataCache:Display: Pak cache opened for reading ../../../Engine/DerivedDataCache/Compressed.ddp.
[2018.04.05-15.30.53:815][  0]LogDerivedDataCache: Using Local data cache path C:/Users/User/AppData/Local/UnrealEngine/Common/DerivedDataCache: Writable
[2018.04.05-15.30.53:833][  0]LogSlate: Using Freetype 2.6.0
[2018.04.05-15.30.53:834][  0]LogSlate: SlateFontCache - WITH_FREETYPE: 1, WITH_HARFBUZZ: 1
[2018.04.05-15.30.53:834][  0]LogSlate: SlateFontCache - WITH_FREETYPE: 1, WITH_HARFBUZZ: 1
[2018.04.05-15.30.54:360][  0]LogInit: Selected Device Profile: [Windows]
[2018.04.05-15.30.54:365][  0]LogContentStreaming: Texture pool size is 0.00 MB
[2018.04.05-15.30.54:823][  0]LogMeshUtilities: Using QuadricMeshReduction for automatic static mesh reduction
[2018.04.05-15.30.54:906][  0]LogSimplygon: Simplygon DLL not present - disabling.
[2018.04.05-15.30.54:984][  0]LogMeshUtilities: Using SimplygonSwarm for distributed automatic mesh merging
[2018.04.05-15.30.54:984][  0]LogMeshUtilities: No automatic skeletal mesh reduction module available
[2018.04.05-15.30.54:984][  0]LogMeshUtilities: No automatic mesh merging module available
[2018.04.05-15.30.56:071][  0]LogNetVersion: GetLocalNetworkVersion: CL: 3299760, ProjectName: caveautomata, ProjectVersion: , EngineNetworkVersion: 2, GameNetworkVersion: 0, NetworkChecksum: 3116201060
[2018.04.05-15.30.56:140][  0]LogAssetRegistry: FAssetRegistry took 0.0222 seconds to start up
[2018.04.05-15.30.56:202][  0]LogPackageLocalizationCache: Processed 3 localized package path(s) for 1 prioritized culture(s) in 0.031496 seconds
[2018.04.05-15.30.56:215][  0]LogUObjectArray: 32493 objects as part of root set at end of initial load.
[2018.04.05-15.30.56:215][  0]LogUObjectAllocator: 7077032 out of 0 bytes used by permanent object pool.
[2018.04.05-15.30.56:215][  0]LogUObjectArray: CloseDisregardForGC: 0/0 objects in disregard for GC pool
[2018.04.05-15.30.56:325][  0]LogInit: WinSock: version 1.1 (2.2), MaxSocks=32767, MaxUdp=65467
[2018.04.05-15.30.59:262][  0]LogTcpMessaging: Initializing TcpMessaging bridge
[2018.04.05-15.30.59:312][  0]LogUdpMessaging: Initializing bridge on interface 0.0.0.0:0 to multicast group 230.0.0.1:6666.
[2018.04.05-15.31.00:007][  0]LogMaterial: Uniform references updated for custom material expression Custom.
[2018.04.05-15.31.00:869][  0]SourceControl: Info Source control is disabled
[2018.04.05-15.31.01:176][  0]SourceControl: Info Source control is disabled
[2018.04.05-15.31.01:258][  0]SourceControl: Info Source control is disabled
[2018.04.05-15.31.01:326][  0]SourceControl: Info Source control is disabled
[2018.04.05-15.31.03:591][  0]LogEngine: Initializing Engine...
[2018.04.05-15.31.03:592][  0]LogHMD: Failed to initialize OpenVR with code 110
[2018.04.05-15.31.04:027][  0]LogAIModule: Creating AISystem for world Untitled
[2018.04.05-15.31.04:039][  0]LogInit: XAudio2 using 'Altavoces (Realtek High Definition Audio)' : 2 channels at 48 kHz using 32 bits per sample (channel mask 0x3)
[2018.04.05-15.31.04:067][  0]LogInit: FAudioDevice initialized.
[2018.04.05-15.31.04:108][  0]LogDerivedDataCache: Saved boot cache 0.04s 50MB C:/Users/User/AppData/Local/UnrealEngine/4.15/DerivedDataCache/Boot.ddc.
[2018.04.05-15.31.04:124][  0]LogInit: Texture streaming: Enabled
[2018.04.05-15.31.04:338][  0]LogEngineSessionManager: EngineSessionManager initialized
[2018.04.05-15.31.04:558][  0]LogInit: Transaction tracking system initialized
[2018.04.05-15.31.05:259][  0]BlueprintLog: New page: Editor Load
[2018.04.05-15.31.07:000][  0]LocalizationService: Info Localization service is disabled
[2018.04.05-15.31.08:113][  0]LogConsoleResponse:Display: 
[2018.04.05-15.31.08:407][  0]LogCook:Display: Max memory allowance for cook 16384mb min free memory 0mb
[2018.04.05-15.31.08:407][  0]LogCook:Display: Mobile HDR setting 1
[2018.04.05-15.31.09:253][  0]LogFileCache: Scanning file cache for directory 'C:/Users/User/Desktop/caveAutomata/Content/' took 0.01s
[2018.04.05-15.31.10:220][  0]SourceControl: Info Source control is disabled
[2018.04.05-15.31.10:221][  0]Cmd: MAP LOAD FILE="C:/Users/User/Desktop/caveAutomata/Content/Scene_01.umap" TEMPLATE=0 SHOWPROGRESS=1 FEATURELEVEL=3
[2018.04.05-15.31.10:222][  0]LightingResults: New page: Lighting Build
[2018.04.05-15.31.10:293][  0]MapCheck: New page: Map Check
[2018.04.05-15.31.10:293][  0]LightingResults: New page: Lighting Build
[2018.04.05-15.31.10:964][  0]LogAIModule: Creating AISystem for world Scene_01
[2018.04.05-15.31.11:011][  0]LogEditorServer: Finished looking for orphan Actors (0.000 secs)
[2018.04.05-15.31.11:012][  0]Cmd: MAP CHECKDEP NOCLEARLOG
[2018.04.05-15.31.11:106][  0]MapCheck: Info Map check complete: 0 Error(s), 0 Warning(s), took 94.164ms to complete.
[2018.04.05-15.31.11:106][  0]LogFileHelpers: Loading map 'Scene_01' took 0.886
[2018.04.05-15.31.11:453][  0]LogCollectionManager: Loaded 0 collections in 0.002569 seconds
[2018.04.05-15.31.11:555][  0]LogFileCache: Scanning file cache for directory 'C:/Users/User/Desktop/caveAutomata/Saved/Collections/' took 0.01s
[2018.04.05-15.31.11:555][  0]LogFileCache: Scanning file cache for directory 'C:/Users/User/Desktop/caveAutomata/Content/Developers/User/Collections/' took 0.01s
[2018.04.05-15.31.11:555][  0]LogFileCache: Scanning file cache for directory 'C:/Users/User/Desktop/caveAutomata/Content/Collections/' took 0.01s
[2018.04.05-15.31.11:555][  0]LogCollectionManager: Rebuilt the GUID cache for 0 collections in 0.000003 seconds
[2018.04.05-15.31.11:576][  0]LogContentBrowser: Native class hierarchy populated in 0.0213 seconds. Added 2247 classes and 455 folders.
[2018.04.05-15.31.11:581][  0]LogStats: UGameplayTagsManager::ConstructGameplayTagTree: Construct from data asset -  0.000 s
[2018.04.05-15.31.11:581][  0]LogStats: UGameplayTagsManager::ConstructGameplayTagTree: GameplayTagTreeChangedEvent.Broadcast -  0.000 s
[2018.04.05-15.31.11:655][  0]LogContentBrowser: Native class hierarchy updated for 'WidgetCarousel' in 0.0030 seconds. Added 0 classes and 0 folders.
[2018.04.05-15.31.11:710][  0]LogContentBrowser: Native class hierarchy updated for 'AddContentDialog' in 0.0024 seconds. Added 0 classes and 0 folders.
[2018.04.05-15.31.11:763][  0]LogContentBrowser: Native class hierarchy updated for 'SceneOutliner' in 0.0021 seconds. Added 1 classes and 2 folders.
[2018.04.05-15.31.11:845][  0]LogCrashTracker: Crashtracker disabled due to settings.
[2018.04.05-15.31.11:859][  0]LogUObjectGlobals:Warning: Failed to find object 'Class None.'
[2018.04.05-15.31.11:979][  0]LogContentBrowser: Native class hierarchy updated for 'HierarchicalLODOutliner' in 0.0034 seconds. Added 1 classes and 2 folders.
[2018.04.05-15.31.11:979][  0]LogLoad: (Engine Initialization) Total time: 188.58 seconds
[2018.04.05-15.31.11:979][  0]LogLoad: (Engine Initialization) Total Blueprint compile time: 0.24 seconds
[2018.04.05-15.31.11:979][  0]LogExternalProfiler: No external profilers were discovered.  External profiling features will not be available.
[2018.04.05-15.31.12:016][  0]LogWindowsTextInputMethodSystem:Display: IME system now deactivated.
[2018.04.05-15.31.12:017][  0]LogOcInput: OculusInput pre-init called
[2018.04.05-15.31.12:059][  0]LogContentStreaming: Texture pool size now 800 MB
[2018.04.05-15.31.12:061][  0]LogSlate: Took 0.000368 seconds to synchronously load lazily loaded font '../../../Engine/Content/Slate/Fonts/Roboto-Regular.ttf' (155K)
[2018.04.05-15.31.12:068][  0]LogSlate: Took 0.000775 seconds to synchronously load lazily loaded font '../../../Engine/Content/Slate/Fonts/Roboto-Bold.ttf' (160K)
[2018.04.05-15.31.12:078][  0]LogSlate: Took 0.000397 seconds to synchronously load lazily loaded font '../../../Engine/Content/Editor/Slate/Fonts/FontAwesome.ttf' (139K)
[2018.04.05-15.31.12:362][  0]LogRenderer: Reallocating scene render targets to support 1208x576 NumSamples 1 (Frame:2).
[2018.04.05-15.31.12:428][  0]LogSlate: Took 0.000443 seconds to synchronously load lazily loaded font '../../../Engine/Content/Slate/Fonts/Roboto-Light.ttf' (159K)
[2018.04.05-15.31.12:530][  1]LogFileCache: Retrieving MD5 hashes for directory 'C:/Users/User/Desktop/caveAutomata/Content/' took 0.51s
[2018.04.05-15.31.12:697][  2]LogAssetRegistry: Asset discovery search completed in 16.5785 seconds
[2018.04.05-15.31.12:697][  2]LogCollectionManager: Rebuilt the object cache for 0 collections in 0.000013 seconds (found 0 objects)
[2018.04.05-15.31.12:697][  2]LogCollectionManager: Fixed up redirectors for 0 collections in 0.000047 seconds (updated 0 objects)
[2018.04.05-15.31.20:419][297]LogTemp: Repeting last play command: Selected Viewport
[2018.04.05-15.31.20:445][297]LogBlueprintUserMessages: Early PlayInEditor Detection: Level '/Game/Scene_01.Scene_01:PersistentLevel' has LevelScriptBlueprint '/Game/Scene_01.Scene_01:PersistentLevel.Scene_01' with GeneratedClass '/Game/Scene_01.Scene_01_C' with ClassGeneratedBy '/Game/Scene_01.Scene_01:PersistentLevel.Scene_01'
[2018.04.05-15.31.20:445][297]LogPlayLevel: PlayLevel: No blueprints needed recompiling
[2018.04.05-15.31.20:445][297]PIE: New page: PIE session: Scene_01 (Apr 5, 2018, 7:31:20 PM)
[2018.04.05-15.31.20:446][297]LogPlayLevel: Creating play world package: /Game/UEDPIE_0_Scene_01
[2018.04.05-15.31.20:450][297]LogPlayLevel: PIE: StaticDuplicateObject took: (0.004905s)
[2018.04.05-15.31.20:452][297]LogAIModule: Creating AISystem for world Scene_01
[2018.04.05-15.31.20:452][297]LogPlayLevel: PIE: World Init took: (0.001144s)
[2018.04.05-15.31.20:452][297]LogPlayLevel: PIE: Created PIE world by copying editor world from /Game/Scene_01.Scene_01 to /Game/UEDPIE_0_Scene_01.Scene_01 (0.006523s)
[2018.04.05-15.31.20:488][297]LogInit: XAudio2 using 'Altavoces (Realtek High Definition Audio)' : 2 channels at 48 kHz using 32 bits per sample (channel mask 0x3)
[2018.04.05-15.31.20:520][297]LogInit: FAudioDevice initialized.
[2018.04.05-15.31.20:572][297]LogLoad: Game class is 'GameModeBase'
[2018.04.05-15.31.20:575][297]LogWorld: Bringing World /Game/UEDPIE_0_Scene_01.Scene_01 up for play (max tick rate 60) at 2018.04.05-17.31.20
[2018.04.05-15.31.20:576][297]LogWorld: Bringing up level for play took: 0.001445
[2018.04.05-15.31.20:646][297]LogContentBrowser: Native class hierarchy updated for 'MovieSceneCapture' in 0.0040 seconds. Added 11 classes and 0 folders.
[2018.04.05-15.31.21:240][297]PIE: Info Play in editor start time for /Game/UEDPIE_0_Scene_01 0.114
[2018.04.05-15.31.21:241][297]LogBlueprintUserMessages: Late PlayInEditor Detection: Level '/Game/Scene_01.Scene_01:PersistentLevel' has LevelScriptBlueprint '/Game/Scene_01.Scene_01:PersistentLevel.Scene_01' with GeneratedClass '/Game/Scene_01.Scene_01_C' with ClassGeneratedBy '/Game/Scene_01.Scene_01:PersistentLevel.Scene_01'
[2018.04.05-15.31.25:742][307]LogWindowsTextInputMethodSystem:Display: IME system now deactivated.
[2018.04.05-15.31.25:745][307]LogWindowsTextInputMethodSystem:Display: IME system now deactivated.
[2018.04.05-15.31.25:975][307]LogBlueprintUserMessages: Early EndPlayMap Detection: Level '/Game/Scene_01.Scene_01:PersistentLevel' has LevelScriptBlueprint '/Game/Scene_01.Scene_01:PersistentLevel.Scene_01' with GeneratedClass '/Game/Scene_01.Scene_01_C' with ClassGeneratedBy '/Game/Scene_01.Scene_01:PersistentLevel.Scene_01'
[2018.04.05-15.31.26:128][307]LogBlueprintUserMessages: Late EndPlayMap Detection: Level '/Game/Scene_01.Scene_01:PersistentLevel' has LevelScriptBlueprint '/Game/Scene_01.Scene_01:PersistentLevel.Scene_01' with GeneratedClass '/Game/Scene_01.Scene_01_C' with ClassGeneratedBy '/Game/Scene_01.Scene_01:PersistentLevel.Scene_01'
[2018.04.05-15.31.26:539][308]Cmd: QUIT_EDITOR
[2018.04.05-15.31.27:309][308]LogExit: Preparing to exit.
[2018.04.05-15.31.28:478][308]LogExit: Editor shut down
[2018.04.05-15.31.28:478][308]LogExit: Transaction tracking system shut down
[2018.04.05-15.31.28:553][308]LogObj: Freed 0b from 0 cluster array pools.
[2018.04.05-15.31.28:553][308]LogExit: Object subsystem successfully closed.
[2018.04.05-15.31.28:570][308]LogD3D11RHI: Shutdown
[2018.04.05-15.31.28:570][308]LogD3D11RHI: CleanupD3DDevice
[2018.04.05-15.31.28:936][308]LogD3D11RHI: ~FD3D11DynamicRHI
[2018.04.05-15.31.28:953][308]LogModuleManager: Shutting down and abandoning module MovieSceneCapture (502)
[2018.04.05-15.31.28:954][308]LogModuleManager: Shutting down and abandoning module HierarchicalLODOutliner (500)
[2018.04.05-15.31.28:954][308]LogModuleManager: Shutting down and abandoning module CrashTracker (498)
[2018.04.05-15.31.28:954][308]LogModuleManager: Shutting down and abandoning module SceneOutliner (496)
[2018.04.05-15.31.28:954][308]LogModuleManager: Shutting down and abandoning module AddContentDialog (494)
[2018.04.05-15.31.28:954][308]LogDirectoryWatcher: A directory notification for 'F:/Unreal/UE_4.15/FeaturePacks/' was aborted.
[2018.04.05-15.31.28:955][308]LogModuleManager: Shutting down and abandoning module WidgetCarousel (493)
[2018.04.05-15.31.28:955][308]LogModuleManager: Shutting down and abandoning module EditorWidgets (490)
[2018.04.05-15.31.28:955][308]LogModuleManager: Shutting down and abandoning module CollectionManager (488)
[2018.04.05-15.31.28:955][308]LogDirectoryWatcher: A directory notification for 'C:/Users/User/Desktop/caveAutomata/Content/Collections/' was aborted.
[2018.04.05-15.31.28:955][308]LogDirectoryWatcher: A directory notification for 'C:/Users/User/Desktop/caveAutomata/Content/Developers/User/Collections/' was aborted.
[2018.04.05-15.31.28:955][308]LogDirectoryWatcher: A directory notification for 'C:/Users/User/Desktop/caveAutomata/Saved/Collections/' was aborted.
[2018.04.05-15.31.28:955][308]LogModuleManager: Shutting down and abandoning module StatsViewer (486)
[2018.04.05-15.31.28:955][308]LogModuleManager: Shutting down and abandoning module FoliageEdit (484)
[2018.04.05-15.31.28:955][308]LogModuleManager: Shutting down and abandoning module LandscapeEditor (482)
[2018.04.05-15.31.28:956][308]LogModuleManager: Shutting down and abandoning module SceneDepthPickerMode (480)
[2018.04.05-15.31.28:956][308]LogModuleManager: Shutting down and abandoning module ActorPickerMode (478)
[2018.04.05-15.31.28:956][308]LogModuleManager: Shutting down and abandoning module GeometryMode (476)
[2018.04.05-15.31.28:956][308]LogModuleManager: Shutting down and abandoning module TextureAlignMode (474)
[2018.04.05-15.31.28:956][308]LogModuleManager: Shutting down and abandoning module BspMode (472)
[2018.04.05-15.31.28:956][308]LogModuleManager: Shutting down and abandoning module HardwareSurvey (470)
[2018.04.05-15.31.28:956][308]LogModuleManager: Shutting down and abandoning module SequenceRecorderSections (468)
[2018.04.05-15.31.28:956][308]LogModuleManager: Shutting down and abandoning module AutomationWorker (466)
[2018.04.05-15.31.28:956][308]LogModuleManager: Shutting down and abandoning module MatineeToLevelSequence (464)
[2018.04.05-15.31.28:956][308]LogModuleManager: Shutting down and abandoning module LevelSequenceEditor (462)
[2018.04.05-15.31.28:956][308]LogModuleManager: Shutting down and abandoning module PlacementMode (461)
[2018.04.05-15.31.28:956][308]LogModuleManager: Shutting down and abandoning module WmfMediaFactory (458)
[2018.04.05-15.31.28:956][308]LogModuleManager: Shutting down and abandoning module WmfMediaEditor (456)
[2018.04.05-15.31.28:956][308]LogModuleManager: Shutting down and abandoning module MfMediaFactory (454)
[2018.04.05-15.31.28:956][308]LogModuleManager: Shutting down and abandoning module MfMediaEditor (452)
[2018.04.05-15.31.28:956][308]LogModuleManager: Shutting down and abandoning module AvfMediaFactory (450)
[2018.04.05-15.31.28:956][308]LogModuleManager: Shutting down and abandoning module AvfMediaEditor (448)
[2018.04.05-15.31.28:956][308]LogModuleManager: Shutting down and abandoning module AndroidMediaFactory (446)
[2018.04.05-15.31.28:956][308]LogModuleManager: Shutting down and abandoning module Media (445)
[2018.04.05-15.31.28:956][308]LogModuleManager: Shutting down and abandoning module AndroidMediaEditor (442)
[2018.04.05-15.31.28:956][308]LogModuleManager: Shutting down and abandoning module CharacterAI (440)
[2018.04.05-15.31.28:956][308]LogModuleManager: Shutting down and abandoning module AudioCapture (438)
[2018.04.05-15.31.28:956][308]LogModuleManager: Shutting down and abandoning module SequenceRecorder (437)
[2018.04.05-15.31.28:956][308]LogModuleManager: Shutting down and abandoning module SmartSnapping (434)
[2018.04.05-15.31.28:956][308]LogModuleManager: Shutting down and abandoning module SessionServices (432)
[2018.04.05-15.31.28:956][308]LogModuleManager: Shutting down and abandoning module ViewportSnapping (430)
[2018.04.05-15.31.28:956][308]LogModuleManager: Shutting down and abandoning module ViewportInteraction (428)
[2018.04.05-15.31.28:956][308]LogModuleManager: Shutting down and abandoning module LogVisualizer (426)
[2018.04.05-15.31.28:956][308]LogModuleManager: Shutting down and abandoning module IntroTutorials (424)
[2018.04.05-15.31.28:957][308]LogModuleManager: Shutting down and abandoning module GameProjectGeneration (423)
[2018.04.05-15.31.28:957][308]LogModuleManager: Shutting down and abandoning module EditorLiveStreaming (420)
[2018.04.05-15.31.28:957][308]LogModuleManager: Shutting down and abandoning module IOSPlatformEditor (418)
[2018.04.05-15.31.28:957][308]LogModuleManager: Shutting down and abandoning module HTML5PlatformEditor (416)
[2018.04.05-15.31.28:957][308]LogModuleManager: Shutting down and abandoning module AndroidPlatformEditor (414)
[2018.04.05-15.31.28:957][308]LogModuleManager: Shutting down and abandoning module AndroidDeviceDetection (413)
[2018.04.05-15.31.29:751][308]LogModuleManager: Shutting down and abandoning module IOSRuntimeSettings (410)
[2018.04.05-15.31.29:751][308]LogModuleManager: Shutting down and abandoning module AndroidRuntimeSettings (408)
[2018.04.05-15.31.29:751][308]LogModuleManager: Shutting down and abandoning module InputBindingEditor (406)
[2018.04.05-15.31.29:751][308]LogModuleManager: Shutting down and abandoning module NiagaraEditor (404)
[2018.04.05-15.31.29:752][308]LogModuleManager: Shutting down and abandoning module MergeActors (402)
[2018.04.05-15.31.29:752][308]LogModuleManager: Shutting down and abandoning module SizeMap (400)
[2018.04.05-15.31.29:752][308]LogModuleManager: Shutting down and abandoning module TreeMap (398)
[2018.04.05-15.31.29:752][308]LogModuleManager: Shutting down and abandoning module ReferenceViewer (396)
[2018.04.05-15.31.29:752][308]LogModuleManager: Shutting down and abandoning module LocalizationDashboard (394)
[2018.04.05-15.31.29:752][308]LogModuleManager: Shutting down and abandoning module LocalizationService (393)
[2018.04.05-15.31.29:752][308]LogModuleManager: Shutting down and abandoning module HardwareTargeting (390)
[2018.04.05-15.31.29:752][308]LogModuleManager: Shutting down and abandoning module DeviceProfileEditor (388)
[2018.04.05-15.31.29:752][308]LogModuleManager: Shutting down and abandoning module UndoHistory (386)
[2018.04.05-15.31.29:752][308]LogModuleManager: Shutting down and abandoning module UserFeedback (384)
[2018.04.05-15.31.29:752][308]LogModuleManager: Shutting down and abandoning module XmlParser (382)
[2018.04.05-15.31.29:752][308]LogModuleManager: Shutting down and abandoning module Blutility (380)
[2018.04.05-15.31.29:752][308]LogModuleManager: Shutting down and abandoning module ProjectSettingsViewer (378)
[2018.04.05-15.31.29:752][308]LogModuleManager: Shutting down and abandoning module ProjectTargetPlatformEditor (377)
[2018.04.05-15.31.29:752][308]LogModuleManager: Shutting down and abandoning module EditorSettingsViewer (374)
[2018.04.05-15.31.29:752][308]LogModuleManager: Shutting down and abandoning module SettingsEditor (372)
[2018.04.05-15.31.29:753][308]LogModuleManager: Shutting down and abandoning module ProjectLauncher (370)
[2018.04.05-15.31.29:753][308]LogModuleManager: Shutting down and abandoning module SessionFrontend (368)
[2018.04.05-15.31.29:753][308]LogModuleManager: Shutting down and abandoning module ProfilerClient (366)
[2018.04.05-15.31.29:753][308]LogModuleManager: Shutting down and abandoning module DeviceManager (364)
[2018.04.05-15.31.29:753][308]LogModuleManager: Shutting down and abandoning module TargetDeviceServices (363)
[2018.04.05-15.31.29:823][308]LogModuleManager: Shutting down and abandoning module AutomationController (360)
[2018.04.05-15.31.29:823][308]LogModuleManager: Shutting down and abandoning module AutomationWindow (358)
[2018.04.05-15.31.29:823][308]LogModuleManager: Shutting down and abandoning module Layers (356)
[2018.04.05-15.31.29:823][308]LogModuleManager: Shutting down and abandoning module ComponentVisualizers (354)
[2018.04.05-15.31.29:823][308]LogModuleManager: Shutting down and abandoning module DetailCustomizations (352)
[2018.04.05-15.31.29:823][308]LogModuleManager: Shutting down and abandoning module PackagesDialog (350)
[2018.04.05-15.31.29:823][308]LogModuleManager: Shutting down and abandoning module Persona (348)
[2018.04.05-15.31.29:824][308]LogModuleManager: Shutting down and abandoning module AnimGraph (347)
[2018.04.05-15.31.29:824][308]LogModuleManager: Shutting down and abandoning module Kismet (344)
[2018.04.05-15.31.29:824][308]LogModuleManager: Shutting down and abandoning module GraphEditor (342)
[2018.04.05-15.31.29:824][308]LogModuleManager: Shutting down and abandoning module ClassViewer (340)
[2018.04.05-15.31.29:824][308]LogModuleManager: Shutting down and abandoning module Toolbox (338)
[2018.04.05-15.31.29:824][308]LogModuleManager: Shutting down and abandoning module ModuleUI (336)
[2018.04.05-15.31.29:824][308]LogModuleManager: Shutting down and abandoning module MovieSceneTools (334)
[2018.04.05-15.31.29:824][308]LogModuleManager: Shutting down and abandoning module OutputLog (332)
[2018.04.05-15.31.29:824][308]LogModuleManager: Shutting down and abandoning module GammaUI (330)
[2018.04.05-15.31.29:824][308]LogModuleManager: Shutting down and abandoning module Documentation (328)
[2018.04.05-15.31.29:824][308]LogModuleManager: Shutting down and abandoning module Niagara (326)
[2018.04.05-15.31.29:824][308]LogModuleManager: Shutting down and abandoning module StreamingPauseRendering (324)
[2018.04.05-15.31.29:824][308]LogModuleManager: Shutting down and abandoning module AnalyticsET (322)
[2018.04.05-15.31.29:825][308]LogModuleManager: Shutting down and abandoning module PortalServices (320)
[2018.04.05-15.31.29:825][308]LogModuleManager: Shutting down and abandoning module PortalRpc (318)
[2018.04.05-15.31.29:825][308]LogModuleManager: Shutting down and abandoning module MessagingRpc (316)
[2018.04.05-15.31.29:825][308]LogModuleManager: Shutting down and abandoning module AIModule (314)
[2018.04.05-15.31.29:825][308]LogModuleManager: Shutting down and abandoning module GameplayDebugger (313)
[2018.04.05-15.31.29:825][308]LogModuleManager: Shutting down and abandoning module AITestSuite (311)
[2018.04.05-15.31.29:825][308]LogModuleManager: Shutting down and abandoning module ProfilerService (308)
[2018.04.05-15.31.30:018][308]LogModuleManager: Shutting down and abandoning module TaskGraph (306)
[2018.04.05-15.31.30:019][308]LogModuleManager: Shutting down and abandoning module SteamVRController (304)
[2018.04.05-15.31.30:019][308]LogModuleManager: Shutting down and abandoning module SteamVR (302)
[2018.04.05-15.31.30:019][308]LogModuleManager: Shutting down and abandoning module ProceduralMeshComponentEditor (300)
[2018.04.05-15.31.30:019][308]LogModuleManager: Shutting down and abandoning module ProceduralMeshComponent (298)
[2018.04.05-15.31.30:019][308]LogModuleManager: Shutting down and abandoning module OculusLibrary (296)
[2018.04.05-15.31.30:019][308]LogModuleManager: Shutting down and abandoning module OculusInput (294)
[2018.04.05-15.31.30:019][308]LogModuleManager: Shutting down and abandoning module MobilePatchingUtils (292)
[2018.04.05-15.31.30:019][308]LogModuleManager: Shutting down and abandoning module CustomMeshComponent (290)
[2018.04.05-15.31.30:019][308]LogModuleManager: Shutting down and abandoning module CableComponent (288)
[2018.04.05-15.31.30:019][308]LogModuleManager: Shutting down and abandoning module ArchVisCharacter (286)
[2018.04.05-15.31.30:019][308]LogModuleManager: Shutting down and abandoning module MediaPlayerEditor (282)
[2018.04.05-15.31.30:019][308]LogModuleManager: Shutting down and abandoning module HTML5Networking (280)
[2018.04.05-15.31.30:019][308]LogModuleManager: Shutting down and abandoning module AlembicImporter (278)
[2018.04.05-15.31.30:019][308]LogModuleManager: Shutting down and abandoning module AlembicLibrary (277)
[2018.04.05-15.31.30:019][308]LogModuleManager: Shutting down and abandoning module GeometryCache (276)
[2018.04.05-15.31.30:019][308]LogModuleManager: Shutting down and abandoning module GeometryCacheEd (275)
[2018.04.05-15.31.30:019][308]LogModuleManager: Shutting down and abandoning module SuperSearchEditor (270)
[2018.04.05-15.31.30:019][308]LogModuleManager: Shutting down and abandoning module SuperSearch (269)
[2018.04.05-15.31.30:019][308]LogModuleManager: Shutting down and abandoning module SpeedTreeImporter (266)
[2018.04.05-15.31.30:019][308]LogModuleManager: Shutting down and abandoning module PluginBrowser (264)
[2018.04.05-15.31.30:019][308]LogModuleManager: Shutting down and abandoning module MobileLauncherProfileWizard (262)
[2018.04.05-15.31.30:019][308]LogModuleManager: Shutting down and abandoning module EpicSurvey (260)
[2018.04.05-15.31.30:019][308]LogModuleManager: Shutting down and abandoning module VisualStudioSourceCodeAccess (258)
[2018.04.05-15.31.30:019][308]LogModuleManager: Shutting down and abandoning module UObjectPlugin (256)
[2018.04.05-15.31.30:019][308]LogModuleManager: Shutting down and abandoning module SubversionSourceControl (254)
[2018.04.05-15.31.30:019][308]LogModuleManager: Shutting down and abandoning module PerforceSourceControl (252)
[2018.04.05-15.31.30:019][308]LogModuleManager: Shutting down and abandoning module GitSourceControl (250)
[2018.04.05-15.31.30:019][308]LogModuleManager: Shutting down and abandoning module SourceControl (249)
[2018.04.05-15.31.30:019][308]LogModuleManager: Shutting down and abandoning module LightPropagationVolumeEditor (246)
[2018.04.05-15.31.30:019][308]LogModuleManager: Shutting down and abandoning module PaperTiledImporter (244)
[2018.04.05-15.31.30:019][308]LogModuleManager: Shutting down and abandoning module PaperSpriteSheetImporter (242)
[2018.04.05-15.31.30:019][308]LogModuleManager: Shutting down and abandoning module Paper2DEditor (240)
[2018.04.05-15.31.30:020][308]LogModuleManager: Shutting down and abandoning module MeshPaint (239)
[2018.04.05-15.31.30:020][308]LogModuleManager: Shutting down and abandoning module LevelEditor (237)
[2018.04.05-15.31.30:021][308]LogModuleManager: Shutting down and abandoning module PixelInspectorModule (236)
[2018.04.05-15.31.30:021][308]LogModuleManager: Shutting down and abandoning module MainFrame (234)
[2018.04.05-15.31.30:021][308]LogModuleManager: Shutting down and abandoning module HotReload (233)
[2018.04.05-15.31.30:021][308]LogDirectoryWatcher: A directory notification for 'C:/Users/User/Desktop/caveAutomata/Binaries/Win64' was aborted.
[2018.04.05-15.31.30:022][308]LogModuleManager: Shutting down and abandoning module ContentBrowser (229)
[2018.04.05-15.31.30:023][308]LogModuleManager: Shutting down and abandoning module CaveAutomata (226)
[2018.04.05-15.31.30:023][308]LogModuleManager: Shutting down and abandoning module PhysXVehiclesEditor (224)
[2018.04.05-15.31.30:023][308]LogModuleManager: Shutting down and abandoning module PhysXVehicles (222)
[2018.04.05-15.31.30:023][308]LogModuleManager: Shutting down and abandoning module LocationServicesBPLibrary (220)
[2018.04.05-15.31.30:023][308]LogModuleManager: Shutting down and abandoning module UdpMessaging (218)
[2018.04.05-15.31.30:124][308]LogModuleManager: Shutting down and abandoning module TcpMessaging (216)
[2018.04.05-15.31.30:224][308]LogModuleManager: Shutting down and abandoning module GameplayTagsEditor (214)
[2018.04.05-15.31.30:224][308]LogModuleManager: Shutting down and abandoning module FacialAnimationEditor (212)
[2018.04.05-15.31.30:224][308]LogModuleManager: Shutting down and abandoning module FacialAnimation (210)
[2018.04.05-15.31.30:224][308]LogModuleManager: Shutting down and abandoning module LightPropagationVolumeRuntime (208)
[2018.04.05-15.31.30:224][308]LogModuleManager: Shutting down and abandoning module Paper2D (206)
[2018.04.05-15.31.30:224][308]LogModuleManager: Shutting down and abandoning module WindowsMoviePlayer (204)
[2018.04.05-15.31.30:224][308]LogModuleManager: Shutting down and abandoning module WmfMedia (202)
[2018.04.05-15.31.30:227][308]LogModuleManager: Shutting down and abandoning module MfMedia (200)
[2018.04.05-15.31.30:227][308]LogModuleManager: Shutting down and abandoning module MediaAssets (198)
[2018.04.05-15.31.30:227][308]LogModuleManager: Shutting down and abandoning module GameLiveStreaming (196)
[2018.04.05-15.31.30:227][308]LogModuleManager: Shutting down and abandoning module VREditor (194)
[2018.04.05-15.31.30:227][308]LogModuleManager: Shutting down and abandoning module GameplayTasksEditor (192)
[2018.04.05-15.31.30:227][308]LogModuleManager: Shutting down and abandoning module BehaviorTreeEditor (190)
[2018.04.05-15.31.30:227][308]LogModuleManager: Shutting down and abandoning module FunctionalTesting (188)
[2018.04.05-15.31.30:227][308]LogModuleManager: Shutting down and abandoning module CollisionAnalyzer (186)
[2018.04.05-15.31.30:227][308]LogModuleManager: Shutting down and abandoning module UMG (184)
[2018.04.05-15.31.30:227][308]LogModuleManager: Shutting down and abandoning module UMGEditor (183)
[2018.04.05-15.31.30:227][308]LogModuleManager: Shutting down and abandoning module Sequencer (182)
[2018.04.05-15.31.30:227][308]LogModuleManager: Shutting down and abandoning module AssetTools (180)
[2018.04.05-15.31.30:227][308]LogModuleManager: Shutting down and abandoning module MessageLog (179)
[2018.04.05-15.31.30:227][308]LogModuleManager: Shutting down and abandoning module WorkspaceMenuStructure (178)
[2018.04.05-15.31.30:227][308]LogModuleManager: Shutting down and abandoning module SlateReflector (172)
[2018.04.05-15.31.30:227][308]LogModuleManager: Shutting down and abandoning module Slate (170)
[2018.04.05-15.31.30:227][308]LogModuleManager: Shutting down and abandoning module EditorStyle (168)
[2018.04.05-15.31.30:230][308]LogModuleManager: Shutting down and abandoning module SourceCodeAccess (166)
[2018.04.05-15.31.30:230][308]LogModuleManager: Shutting down and abandoning module HeadMountedDisplay (164)
[2018.04.05-15.31.30:230][308]LogModuleManager: Shutting down and abandoning module XAudio2 (162)
[2018.04.05-15.31.30:230][308]LogModuleManager: Shutting down and abandoning module Networking (160)
[2018.04.05-15.31.30:230][308]LogModuleManager: Shutting down and abandoning module Core (156)
[2018.04.05-15.31.30:230][308]LogModuleManager: Shutting down and abandoning module AssetRegistry (154)
[2018.04.05-15.31.30:453][308]LogDirectoryWatcher: A directory notification for '../../../Engine/Content/' was aborted.
[2018.04.05-15.31.30:453][308]LogDirectoryWatcher: A directory notification for 'C:/Users/User/Desktop/caveAutomata/Content/' was aborted.
[2018.04.05-15.31.30:453][308]LogDirectoryWatcher: A directory notification for '../../../Engine/Plugins/2D/Paper2D/Content/' was aborted.
[2018.04.05-15.31.30:453][308]LogModuleManager: Shutting down and abandoning module DirectoryWatcher (153)
[2018.04.05-15.31.30:454][308]LogModuleManager: Shutting down and abandoning module KismetCompiler (150)
[2018.04.05-15.31.30:454][308]LogModuleManager: Shutting down and abandoning module PhysXFormats (148)
[2018.04.05-15.31.30:454][308]LogModuleManager: Shutting down and abandoning module MeshUtilities (146)
[2018.04.05-15.31.30:454][308]LogModuleManager: Shutting down and abandoning module SimplygonSwarm (145)
[2018.04.05-15.31.30:454][308]LogModuleManager: Shutting down and abandoning module SimplygonMeshReduction (143)
[2018.04.05-15.31.30:454][308]LogModuleManager: Shutting down and abandoning module QuadricMeshReduction (141)
[2018.04.05-15.31.30:454][308]LogModuleManager: Shutting down and abandoning module PropertyEditor (139)
[2018.04.05-15.31.30:454][308]LogModuleManager: Shutting down and abandoning module DerivedDataCache (136)
[2018.04.05-15.31.31:144][308]LogDerivedDataCache: Shutdown
[2018.04.05-15.31.31:144][308]LogModuleManager: Shutting down and abandoning module TargetPlatform (134)
[2018.04.05-15.31.31:144][308]LogModuleManager: Shutting down and abandoning module VulkanShaderFormat (133)
[2018.04.05-15.31.31:144][308]LogModuleManager: Shutting down and abandoning module ShaderFormatOpenGL (131)
[2018.04.05-15.31.31:144][308]LogModuleManager: Shutting down and abandoning module ShaderFormatD3D (129)
[2018.04.05-15.31.31:144][308]LogModuleManager: Shutting down and abandoning module MetalShaderFormat (127)
[2018.04.05-15.31.31:144][308]LogModuleManager: Shutting down and abandoning module TextureFormatUncompressed (125)
[2018.04.05-15.31.31:144][308]LogModuleManager: Shutting down and abandoning module TextureFormatPVR (123)
[2018.04.05-15.31.31:144][308]LogModuleManager: Shutting down and abandoning module TextureFormatDXT (121)
[2018.04.05-15.31.31:144][308]LogModuleManager: Shutting down and abandoning module TextureFormatIntelISPCTexComp (119)
[2018.04.05-15.31.31:144][308]LogModuleManager: Shutting down and abandoning module TextureFormatASTC (117)
[2018.04.05-15.31.31:144][308]LogModuleManager: Shutting down and abandoning module ImageWrapper (116)
[2018.04.05-15.31.31:144][308]LogModuleManager: Shutting down and abandoning module TextureFormatAndroid (113)
[2018.04.05-15.31.31:144][308]LogModuleManager: Shutting down and abandoning module AudioFormatOpus (111)
[2018.04.05-15.31.31:144][308]LogModuleManager: Shutting down and abandoning module AudioFormatOgg (109)
[2018.04.05-15.31.31:144][308]LogModuleManager: Shutting down and abandoning module AudioFormatADPCM (107)
[2018.04.05-15.31.31:144][308]LogModuleManager: Shutting down and abandoning module LinuxTargetPlatform (105)
[2018.04.05-15.31.31:144][308]LogModuleManager: Shutting down and abandoning module LinuxServerTargetPlatform (103)
[2018.04.05-15.31.31:144][308]LogModuleManager: Shutting down and abandoning module LinuxNoEditorTargetPlatform (101)
[2018.04.05-15.31.31:144][308]LogModuleManager: Shutting down and abandoning module LinuxClientTargetPlatform (99)
[2018.04.05-15.31.31:144][308]LogModuleManager: Shutting down and abandoning module TVOSTargetPlatform (97)
[2018.04.05-15.31.31:144][308]LogModuleManager: Shutting down and abandoning module Messaging (95)
[2018.04.05-15.31.31:144][308]LogModuleManager: Shutting down and abandoning module IOSTargetPlatform (93)
[2018.04.05-15.31.31:144][308]LogModuleManager: Shutting down and abandoning module HTML5TargetPlatform (91)
[2018.04.05-15.31.31:144][308]LogModuleManager: Shutting down and abandoning module Android_PVRTCTargetPlatform (89)
[2018.04.05-15.31.31:144][308]LogModuleManager: Shutting down and abandoning module Android_MultiTargetPlatform (87)
[2018.04.05-15.31.31:144][308]LogModuleManager: Shutting down and abandoning module Android_ETC2TargetPlatform (85)
[2018.04.05-15.31.31:145][308]LogModuleManager: Shutting down and abandoning module Android_ETC1TargetPlatform (83)
[2018.04.05-15.31.31:145][308]LogModuleManager: Shutting down and abandoning module Android_DXTTargetPlatform (81)
[2018.04.05-15.31.31:145][308]LogModuleManager: Shutting down and abandoning module Android_ATCTargetPlatform (79)
[2018.04.05-15.31.31:145][308]LogModuleManager: Shutting down and abandoning module Android_ASTCTargetPlatform (77)
[2018.04.05-15.31.31:145][308]LogModuleManager: Shutting down and abandoning module AndroidTargetPlatform (75)
[2018.04.05-15.31.31:145][308]LogModuleManager: Shutting down and abandoning module WindowsTargetPlatform (73)
[2018.04.05-15.31.31:145][308]LogModuleManager: Shutting down and abandoning module WindowsServerTargetPlatform (71)
[2018.04.05-15.31.31:145][308]LogModuleManager: Shutting down and abandoning module WindowsNoEditorTargetPlatform (69)
[2018.04.05-15.31.31:145][308]LogModuleManager: Shutting down and abandoning module WindowsClientTargetPlatform (67)
[2018.04.05-15.31.31:145][308]LogModuleManager: Shutting down and abandoning module MacTargetPlatform (65)
[2018.04.05-15.31.31:145][308]LogModuleManager: Shutting down and abandoning module MacServerTargetPlatform (63)
[2018.04.05-15.31.31:145][308]LogModuleManager: Shutting down and abandoning module MacNoEditorTargetPlatform (61)
[2018.04.05-15.31.31:145][308]LogModuleManager: Shutting down and abandoning module MacClientTargetPlatform (59)
[2018.04.05-15.31.31:145][308]LogModuleManager: Shutting down and abandoning module AllDesktopTargetPlatform (57)
[2018.04.05-15.31.31:145][308]LogModuleManager: Shutting down and abandoning module InputCore (54)
[2018.04.05-15.31.31:145][308]LogModuleManager: Shutting down and abandoning module Settings (52)
[2018.04.05-15.31.31:145][308]LogModuleManager: Shutting down and abandoning module OculusRift (50)
[2018.04.05-15.31.31:145][308]LogModuleManager: Shutting down and abandoning module GearVR (48)
[2018.04.05-15.31.31:145][308]LogModuleManager: Shutting down and abandoning module ExampleDeviceProfileSelector (46)
[2018.04.05-15.31.31:145][308]LogModuleManager: Shutting down and abandoning module OnlineBlueprintSupport (44)
[2018.04.05-15.31.31:145][308]LogModuleManager: Shutting down and abandoning module OnlineSubsystem (40)
[2018.04.05-15.31.31:145][308]LogOnline:Display: Unloading online subsystem: NULL
[2018.04.05-15.31.31:145][308]LogModuleManager: Shutting down and abandoning module XMPP (39)
[2018.04.05-15.31.31:145][308]LogModuleManager: Shutting down and abandoning module HTTP (37)
[2018.04.05-15.31.31:145][308]LogHttp:Display: Http module shutting down, but needs to wait on 1 outstanding Http requests:
[2018.04.05-15.31.31:145][308]LogHttp:Display: 	verb=[POST] url=[https://datarouter.ol.epicgames.com/datarouter/api/v1/public/data?SessionID=%7BFC12B9F6-4544-5966-BC45-6297423D7603%7D&AppID=UEEditor.Rocket.Release&AppVersion=4.15.1-3348071%2B%2B%2BUE4%2BRelease-4.15&UserID=42545572402df1d88ed02ab9fc905f3b%7C5a4f4e4fd361418f88f739799b2f171f%7C9d113da7-36fb-45c4-a1ec-6e80350787ea&AppEnvironment=datacollector-binary&UploadType=eteventstream] status=Processing
[2018.04.05-15.31.31:192][308]LogModuleManager: Shutting down and abandoning module SSL (36)
[2018.04.05-15.31.31:195][308]LogModuleManager: Shutting down and abandoning module DesktopPlatform (32)
[2018.04.05-15.31.31:195][308]LogModuleManager: Shutting down and abandoning module AudioEditor (30)
[2018.04.05-15.31.31:195][308]LogModuleManager: Shutting down and abandoning module TextureCompressor (28)
[2018.04.05-15.31.31:195][308]LogModuleManager: Shutting down and abandoning module ShaderCore (26)
[2018.04.05-15.31.31:195][308]LogModuleManager: Shutting down and abandoning module Landscape (24)
[2018.04.05-15.31.31:195][308]LogModuleManager: Shutting down and abandoning module SlateRHIRenderer (22)
[2018.04.05-15.31.31:197][308]LogModuleManager: Shutting down and abandoning module OpenGLDrv (20)
[2018.04.05-15.31.31:197][308]LogModuleManager: Shutting down and abandoning module D3D11RHI (18)
[2018.04.05-15.31.31:197][308]LogModuleManager: Shutting down and abandoning module AnimGraphRuntime (16)
[2018.04.05-15.31.31:197][308]LogModuleManager: Shutting down and abandoning module Renderer (14)
[2018.04.05-15.31.31:197][308]LogModuleManager: Shutting down and abandoning module Engine (12)
[2018.04.05-15.31.31:197][308]LogModuleManager: Shutting down and abandoning module CoreUObject (10)
[2018.04.05-15.31.31:197][308]LogModuleManager: Shutting down and abandoning module NetworkFile (8)
[2018.04.05-15.31.31:197][308]LogModuleManager: Shutting down and abandoning module StreamingFile (6)
[2018.04.05-15.31.31:197][308]LogModuleManager: Shutting down and abandoning module SandboxFile (4)
[2018.04.05-15.31.31:197][308]LogModuleManager: Shutting down and abandoning module PakFile (2)
[2018.04.05-15.31.31:264][308]LogExit: Exiting.
[2018.04.05-15.31.31:266][308]Log file closed, 04/05/18 17:31:31
